Log file open, 04/30/18 13:02:56
LogWindows: Failed to load 'aqProf.dll' (GetLastError=126)
LogWindows: File 'aqProf.dll' does not exist
LogWindows: Failed to load 'VtuneApi.dll' (GetLastError=126)
LogWindows: File 'VtuneApi.dll' does not exist
LogWindows: Failed to load 'VtuneApi32e.dll' (GetLastError=126)
LogWindows: File 'VtuneApi32e.dll' does not exist
LogInit: Display: Running engine for game: CEDVFighters
LogPlatformFile: Not using cached read wrapper
LogInit: Display: RandInit(-2089428519) SRandInit(-2089428519).
LogInit: Read version file with build ID '3944462'
LogInit: Overriding engine version to CL 3989454, compatible CL 3944462
LogInit: Registered custom module enumerator with build ID '3944462'
LogTaskGraph: Started task graph with 5 named threads and 20 total threads with 3 sets of task threads.
LogStats: Stats thread started at 0.200310
LogD3D11RHI: Aftermath initialized
LogICUInternationalization: Display: ICU TimeZone Detection - Raw Offset: +1:00, Platform Override: ''
LogPluginManager: Mounting plugin Paper2D
LogPluginManager: Mounting plugin LiveLink
LogPluginManager: Mounting plugin LightPropagationVolume
LogPluginManager: Mounting plugin CLionSourceCodeAccess
LogPluginManager: Mounting plugin CodeLiteSourceCodeAccess
LogPluginManager: Mounting plugin GitSourceControl
LogPluginManager: Mounting plugin KDevelopSourceCodeAccess
LogPluginManager: Mounting plugin NullSourceCodeAccess
LogPluginManager: Mounting plugin PerforceSourceControl
LogPluginManager: Mounting plugin SubversionSourceControl
LogPluginManager: Mounting plugin UObjectPlugin
LogPluginManager: Mounting plugin VisualStudioCodeSourceCodeAccess
LogPluginManager: Mounting plugin VisualStudioSourceCodeAccess
LogPluginManager: Mounting plugin XCodeSourceCodeAccess
LogPluginManager: Mounting plugin AssetManagerEditor
LogPluginManager: Mounting plugin CryptoKeys
LogPluginManager: Mounting plugin DataValidation
LogPluginManager: Mounting plugin FacialAnimation
LogPluginManager: Mounting plugin GameplayTagsEditor
LogPluginManager: Mounting plugin MobileLauncherProfileWizard
LogPluginManager: Mounting plugin PluginBrowser
LogPluginManager: Mounting plugin SpeedTreeImporter
LogPluginManager: Mounting plugin DatasmithContent
LogPluginManager: Mounting plugin AlembicImporter
LogPluginManager: Mounting plugin CharacterAI
LogPluginManager: Mounting plugin HTML5Networking
LogPluginManager: Mounting plugin AndroidMedia
LogPluginManager: Mounting plugin AvfMedia
LogPluginManager: Mounting plugin ImgMedia
LogPluginManager: Mounting plugin LinearTimecode
LogPluginManager: Mounting plugin MediaCompositing
LogPluginManager: Mounting plugin MediaPlayerEditor
LogPluginManager: Mounting plugin WmfMedia
LogPluginManager: Mounting plugin TcpMessaging
LogPluginManager: Mounting plugin UdpMessaging
LogPluginManager: Mounting plugin ActorSequence
LogPluginManager: Mounting plugin LevelSequenceEditor
LogPluginManager: Mounting plugin MatineeToLevelSequence
LogPluginManager: Mounting plugin NetcodeUnitTest
LogPluginManager: Mounting plugin NUTUnrealEngine4
LogPluginManager: Mounting plugin OnlineSubsystemGooglePlay
LogPluginManager: Mounting plugin OnlineSubsystemIOS
LogPluginManager: Mounting plugin OnlineSubsystem
LogPluginManager: Mounting plugin OnlineSubsystemNull
LogPluginManager: Mounting plugin OnlineSubsystemUtils
LogPluginManager: Mounting plugin AndroidDeviceProfileSelector
LogPluginManager: Mounting plugin AndroidMoviePlayer
LogPluginManager: Mounting plugin AndroidPermission
LogPluginManager: Mounting plugin AppleARKit
LogPluginManager: Mounting plugin AppleMoviePlayer
LogPluginManager: Mounting plugin ArchVisCharacter
LogPluginManager: Mounting plugin AudioCapture
LogPluginManager: Mounting plugin CableComponent
LogPluginManager: Mounting plugin CustomMeshComponent
LogPluginManager: Mounting plugin ExampleDeviceProfileSelector
LogPluginManager: Mounting plugin GoogleCloudMessaging
LogPluginManager: Mounting plugin ImmediatePhysics
LogPluginManager: Mounting plugin IOSDeviceProfileSelector
LogPluginManager: Mounting plugin LinuxDeviceProfileSelector
LogPluginManager: Mounting plugin LocationServicesBPLibrary
LogPluginManager: Mounting plugin MobilePatchingUtils
LogPluginManager: Mounting plugin OculusVR
LogPluginManager: Plugin shader directory ../../../Engine/Plugins/Runtime/Oculus/OculusVR/Shaders found
LogPluginManager: Mapping shader source directory ../../../Engine/Plugins/Runtime/Oculus/OculusVR/Shaders to virtual directory /Plugin/OculusVR
LogPluginManager: Mounting plugin PhysXVehicles
LogPluginManager: Mounting plugin ProceduralMeshComponent
LogPluginManager: Mounting plugin RuntimePhysXCooking
LogPluginManager: Mounting plugin SteamVR
LogPluginManager: Mounting plugin WindowsMoviePlayer
LogStreaming: Display: Took  0.105s to configure plugins.
LogModuleManager: Display: Found up-to-date module file D:/CEDV/GIT/CEDVFighters/CEDVFighters/Binaries/Win64/UE4Editor-CEDVFighters.dll (API version 3944462).
LogModuleManager: Display: Found up-to-date module file ../../../Engine/Plugins/2D/Paper2D/Binaries/Win64/UE4Editor-Paper2D.dll (API version 3944462).
LogModuleManager: Display: Found up-to-date module file ../../../Engine/Plugins/2D/Paper2D/Binaries/Win64/UE4Editor-Paper2DEditor.dll (API version 3944462).
LogModuleManager: Display: Found up-to-date module file ../../../Engine/Plugins/2D/Paper2D/Binaries/Win64/UE4Editor-PaperSpriteSheetImporter.dll (API version 3944462).
LogModuleManager: Display: Found up-to-date module file ../../../Engine/Plugins/2D/Paper2D/Binaries/Win64/UE4Editor-PaperTiledImporter.dll (API version 3944462).
LogModuleManager: Display: Found up-to-date module file ../../../Engine/Plugins/2D/Paper2D/Binaries/Win64/UE4Editor-SmartSnapping.dll (API version 3944462).
LogModuleManager: Display: Found up-to-date module file ../../../Engine/Plugins/Animation/LiveLink/Binaries/Win64/UE4Editor-LiveLink.dll (API version 3944462).
LogModuleManager: Display: Found up-to-date module file ../../../Engine/Plugins/Animation/LiveLink/Binaries/Win64/UE4Editor-LiveLinkEditor.dll (API version 3944462).
LogModuleManager: Display: Found up-to-date module file ../../../Engine/Plugins/Blendables/LightPropagationVolume/Binaries/Win64/UE4Editor-LightPropagationVolumeRuntime.dll (API version 3944462).
LogModuleManager: Display: Found up-to-date module file ../../../Engine/Plugins/Blendables/LightPropagationVolume/Binaries/Win64/UE4Editor-LightPropagationVolumeEditor.dll (API version 3944462).
LogModuleManager: Display: Found up-to-date module file ../../../Engine/Plugins/Developer/CLionSourceCodeAccess/Binaries/Win64/UE4Editor-CLionSourceCodeAccess.dll (API version 3944462).
LogModuleManager: Display: Found up-to-date module file ../../../Engine/Plugins/Developer/GitSourceControl/Binaries/Win64/UE4Editor-GitSourceControl.dll (API version 3944462).
LogModuleManager: Display: Found up-to-date module file ../../../Engine/Plugins/Developer/PerforceSourceControl/Binaries/Win64/UE4Editor-PerforceSourceControl.dll (API version 3944462).
LogModuleManager: Display: Found up-to-date module file ../../../Engine/Plugins/Developer/SubversionSourceControl/Binaries/Win64/UE4Editor-SubversionSourceControl.dll (API version 3944462).
LogModuleManager: Display: Found up-to-date module file ../../../Engine/Plugins/Developer/UObjectPlugin/Binaries/Win64/UE4Editor-UObjectPlugin.dll (API version 3944462).
LogModuleManager: Display: Found up-to-date module file ../../../Engine/Plugins/Developer/VisualStudioCodeSourceCodeAccess/Binaries/Win64/UE4Editor-VisualStudioCodeSourceCodeAccess.dll (API version 3944462).
LogModuleManager: Display: Found up-to-date module file ../../../Engine/Plugins/Developer/VisualStudioSourceCodeAccess/Binaries/Win64/UE4Editor-VisualStudioSourceCodeAccess.dll (API version 3944462).
LogModuleManager: Display: Found up-to-date module file ../../../Engine/Plugins/Editor/AssetManagerEditor/Binaries/Win64/UE4Editor-AssetManagerEditor.dll (API version 3944462).
LogModuleManager: Display: Found up-to-date module file ../../../Engine/Plugins/Editor/CryptoKeys/Binaries/Win64/UE4Editor-CryptoKeys.dll (API version 3944462).
LogModuleManager: Display: Found up-to-date module file ../../../Engine/Plugins/Editor/CryptoKeys/Binaries/Win64/UE4Editor-CryptoKeysOpenSSL.dll (API version 3944462).
LogModuleManager: Display: Found up-to-date module file ../../../Engine/Plugins/Editor/DataValidation/Binaries/Win64/UE4Editor-DataValidation.dll (API version 3944462).
LogModuleManager: Display: Found up-to-date module file ../../../Engine/Plugins/Editor/FacialAnimation/Binaries/Win64/UE4Editor-FacialAnimation.dll (API version 3944462).
LogModuleManager: Display: Found up-to-date module file ../../../Engine/Plugins/Editor/FacialAnimation/Binaries/Win64/UE4Editor-FacialAnimationEditor.dll (API version 3944462).
LogModuleManager: Display: Found up-to-date module file ../../../Engine/Plugins/Editor/GameplayTagsEditor/Binaries/Win64/UE4Editor-GameplayTagsEditor.dll (API version 3944462).
LogModuleManager: Display: Found up-to-date module file ../../../Engine/Plugins/Editor/MobileLauncherProfileWizard/Binaries/Win64/UE4Editor-MobileLauncherProfileWizard.dll (API version 3944462).
LogModuleManager: Display: Found up-to-date module file ../../../Engine/Plugins/Editor/PluginBrowser/Binaries/Win64/UE4Editor-PluginBrowser.dll (API version 3944462).
LogModuleManager: Display: Found up-to-date module file ../../../Engine/Plugins/Editor/SpeedTreeImporter/Binaries/Win64/UE4Editor-SpeedTreeImporter.dll (API version 3944462).
LogModuleManager: Display: Found up-to-date module file ../../../Engine/Plugins/Enterprise/DatasmithContent/Binaries/Win64/UE4Editor-DatasmithContent.dll (API version 3944462).
LogModuleManager: Display: Found up-to-date module file ../../../Engine/Plugins/Experimental/AlembicImporter/Binaries/Win64/UE4Editor-AlembicImporter.dll (API version 3944462).
LogModuleManager: Display: Found up-to-date module file ../../../Engine/Plugins/Experimental/AlembicImporter/Binaries/Win64/UE4Editor-AlembicLibrary.dll (API version 3944462).
LogModuleManager: Display: Found up-to-date module file ../../../Engine/Plugins/Experimental/CharacterAI/Binaries/Win64/UE4Editor-CharacterAI.dll (API version 3944462).
LogModuleManager: Display: Found up-to-date module file ../../../Engine/Plugins/Experimental/HTML5Networking/Binaries/Win64/UE4Editor-HTML5Networking.dll (API version 3944462).
LogModuleManager: Display: Found up-to-date module file ../../../Engine/Plugins/Media/AndroidMedia/Binaries/Win64/UE4Editor-AndroidMediaEditor.dll (API version 3944462).
LogModuleManager: Display: Found up-to-date module file ../../../Engine/Plugins/Media/AndroidMedia/Binaries/Win64/UE4Editor-AndroidMediaFactory.dll (API version 3944462).
LogModuleManager: Display: Found up-to-date module file ../../../Engine/Plugins/Media/AvfMedia/Binaries/Win64/UE4Editor-AvfMediaEditor.dll (API version 3944462).
LogModuleManager: Display: Found up-to-date module file ../../../Engine/Plugins/Media/AvfMedia/Binaries/Win64/UE4Editor-AvfMediaFactory.dll (API version 3944462).
LogModuleManager: Display: Found up-to-date module file ../../../Engine/Plugins/Media/AvfMedia/Binaries/Win64/UE4Editor-AvfMediaFactory.dll (API version 3944462).
LogModuleManager: Display: Found up-to-date module file ../../../Engine/Plugins/Media/ImgMedia/Binaries/Win64/UE4Editor-ImgMedia.dll (API version 3944462).
LogModuleManager: Display: Found up-to-date module file ../../../Engine/Plugins/Media/ImgMedia/Binaries/Win64/UE4Editor-ImgMediaEditor.dll (API version 3944462).
LogModuleManager: Display: Found up-to-date module file ../../../Engine/Plugins/Media/ImgMedia/Binaries/Win64/UE4Editor-ImgMediaFactory.dll (API version 3944462).
LogModuleManager: Display: Found up-to-date module file ../../../Engine/Plugins/Media/ImgMedia/Binaries/Win64/UE4Editor-ImgMediaFactory.dll (API version 3944462).
LogModuleManager: Display: Found up-to-date module file ../../../Engine/Plugins/Media/ImgMedia/Binaries/Win64/UE4Editor-OpenExrWrapper.dll (API version 3944462).
LogModuleManager: Display: Found up-to-date module file ../../../Engine/Plugins/Media/LinearTimecode/Binaries/Win64/UE4Editor-LinearTimecode.dll (API version 3944462).
LogModuleManager: Display: Found up-to-date module file ../../../Engine/Plugins/Media/MediaCompositing/Binaries/Win64/UE4Editor-MediaCompositing.dll (API version 3944462).
LogModuleManager: Display: Found up-to-date module file ../../../Engine/Plugins/Media/MediaCompositing/Binaries/Win64/UE4Editor-MediaCompositingEditor.dll (API version 3944462).
LogModuleManager: Display: Found up-to-date module file ../../../Engine/Plugins/Media/MediaPlayerEditor/Binaries/Win64/UE4Editor-MediaPlayerEditor.dll (API version 3944462).
LogModuleManager: Display: Found up-to-date module file ../../../Engine/Plugins/Media/WmfMedia/Binaries/Win64/UE4Editor-WmfMedia.dll (API version 3944462).
LogModuleManager: Display: Found up-to-date module file ../../../Engine/Plugins/Media/WmfMedia/Binaries/Win64/UE4Editor-WmfMediaEditor.dll (API version 3944462).
LogModuleManager: Display: Found up-to-date module file ../../../Engine/Plugins/Media/WmfMedia/Binaries/Win64/UE4Editor-WmfMediaFactory.dll (API version 3944462).
LogModuleManager: Display: Found up-to-date module file ../../../Engine/Plugins/Media/WmfMedia/Binaries/Win64/UE4Editor-WmfMediaFactory.dll (API version 3944462).
LogModuleManager: Display: Found up-to-date module file ../../../Engine/Plugins/Messaging/TcpMessaging/Binaries/Win64/UE4Editor-TcpMessaging.dll (API version 3944462).
LogModuleManager: Display: Found up-to-date module file ../../../Engine/Plugins/Messaging/UdpMessaging/Binaries/Win64/UE4Editor-UdpMessaging.dll (API version 3944462).
LogModuleManager: Display: Found up-to-date module file ../../../Engine/Plugins/MovieScene/ActorSequence/Binaries/Win64/UE4Editor-ActorSequence.dll (API version 3944462).
LogModuleManager: Display: Found up-to-date module file ../../../Engine/Plugins/MovieScene/LevelSequenceEditor/Binaries/Win64/UE4Editor-LevelSequenceEditor.dll (API version 3944462).
LogModuleManager: Display: Found up-to-date module file ../../../Engine/Plugins/MovieScene/MatineeToLevelSequence/Binaries/Win64/UE4Editor-MatineeToLevelSequence.dll (API version 3944462).
LogModuleManager: Display: Found up-to-date module file ../../../Engine/Plugins/NetcodeUnitTest/NetcodeUnitTest/Binaries/Win64/UE4Editor-NetcodeUnitTest.dll (API version 3944462).
LogModuleManager: Display: Found up-to-date module file ../../../Engine/Plugins/NetcodeUnitTest/NUTUnrealEngine4/Binaries/Win64/UE4Editor-NUTUnrealEngine4.dll (API version 3944462).
LogModuleManager: Display: Found up-to-date module file ../../../Engine/Plugins/Online/OnlineSubsystem/Binaries/Win64/UE4Editor-OnlineSubsystem.dll (API version 3944462).
LogModuleManager: Display: Found up-to-date module file ../../../Engine/Plugins/Online/OnlineSubsystemNull/Binaries/Win64/UE4Editor-OnlineSubsystemNull.dll (API version 3944462).
LogModuleManager: Display: Found up-to-date module file ../../../Engine/Plugins/Online/OnlineSubsystemUtils/Binaries/Win64/UE4Editor-OnlineSubsystemUtils.dll (API version 3944462).
LogModuleManager: Display: Found up-to-date module file ../../../Engine/Plugins/Online/OnlineSubsystemUtils/Binaries/Win64/UE4Editor-OnlineBlueprintSupport.dll (API version 3944462).
LogModuleManager: Display: Found up-to-date module file ../../../Engine/Plugins/Runtime/AndroidDeviceProfileSelector/Binaries/Win64/UE4Editor-AndroidDeviceProfileSelector.dll (API version 3944462).
LogModuleManager: Display: Found up-to-date module file ../../../Engine/Plugins/Runtime/AndroidPermission/Binaries/Win64/UE4Editor-AndroidPermission.dll (API version 3944462).
LogModuleManager: Display: Found up-to-date module file ../../../Engine/Plugins/Runtime/AppleARKit/Binaries/Win64/UE4Editor-AppleARKit.dll (API version 3944462).
LogModuleManager: Display: Found up-to-date module file ../../../Engine/Plugins/Runtime/ArchVisCharacter/Binaries/Win64/UE4Editor-ArchVisCharacter.dll (API version 3944462).
LogModuleManager: Display: Found up-to-date module file ../../../Engine/Plugins/Runtime/AudioCapture/Binaries/Win64/UE4Editor-AudioCapture.dll (API version 3944462).
LogModuleManager: Display: Found up-to-date module file ../../../Engine/Plugins/Runtime/AudioCapture/Binaries/Win64/UE4Editor-AudioCaptureEditor.dll (API version 3944462).
LogModuleManager: Display: Found up-to-date module file ../../../Engine/Plugins/Runtime/CableComponent/Binaries/Win64/UE4Editor-CableComponent.dll (API version 3944462).
LogModuleManager: Display: Found up-to-date module file ../../../Engine/Plugins/Runtime/CustomMeshComponent/Binaries/Win64/UE4Editor-CustomMeshComponent.dll (API version 3944462).
LogModuleManager: Display: Found up-to-date module file ../../../Engine/Plugins/Runtime/ExampleDeviceProfileSelector/Binaries/Win64/UE4Editor-ExampleDeviceProfileSelector.dll (API version 3944462).
LogModuleManager: Display: Found up-to-date module file ../../../Engine/Plugins/Runtime/ImmediatePhysics/Binaries/Win64/UE4Editor-ImmediatePhysics.dll (API version 3944462).
LogModuleManager: Display: Found up-to-date module file ../../../Engine/Plugins/Runtime/ImmediatePhysics/Binaries/Win64/UE4Editor-ImmediatePhysicsEditor.dll (API version 3944462).
LogModuleManager: Display: Found up-to-date module file ../../../Engine/Plugins/Runtime/LocationServicesBPLibrary/Binaries/Win64/UE4Editor-LocationServicesBPLibrary.dll (API version 3944462).
LogModuleManager: Display: Found up-to-date module file ../../../Engine/Plugins/Runtime/MobilePatchingUtils/Binaries/Win64/UE4Editor-MobilePatchingUtils.dll (API version 3944462).
LogModuleManager: Display: Found up-to-date module file ../../../Engine/Plugins/Runtime/Oculus/OculusVR/Binaries/Win64/UE4Editor-OculusHMD.dll (API version 3944462).
LogModuleManager: Display: Found up-to-date module file ../../../Engine/Plugins/Runtime/Oculus/OculusVR/Binaries/Win64/UE4Editor-OculusInput.dll (API version 3944462).
LogModuleManager: Display: Found up-to-date module file ../../../Engine/Plugins/Runtime/Oculus/OculusVR/Binaries/Win64/UE4Editor-OculusEditor.dll (API version 3944462).
LogModuleManager: Display: Found up-to-date module file ../../../Engine/Plugins/Runtime/PhysXVehicles/Binaries/Win64/UE4Editor-PhysXVehicles.dll (API version 3944462).
LogModuleManager: Display: Found up-to-date module file ../../../Engine/Plugins/Runtime/PhysXVehicles/Binaries/Win64/UE4Editor-PhysXVehiclesEditor.dll (API version 3944462).
LogModuleManager: Display: Found up-to-date module file ../../../Engine/Plugins/Runtime/ProceduralMeshComponent/Binaries/Win64/UE4Editor-ProceduralMeshComponent.dll (API version 3944462).
LogModuleManager: Display: Found up-to-date module file ../../../Engine/Plugins/Runtime/ProceduralMeshComponent/Binaries/Win64/UE4Editor-ProceduralMeshComponentEditor.dll (API version 3944462).
LogModuleManager: Display: Found up-to-date module file ../../../Engine/Plugins/Runtime/RuntimePhysXCooking/Binaries/Win64/UE4Editor-RuntimePhysXCooking.dll (API version 3944462).
LogModuleManager: Display: Found up-to-date module file ../../../Engine/Plugins/Runtime/Steam/SteamVR/Binaries/Win64/UE4Editor-SteamVR.dll (API version 3944462).
LogModuleManager: Display: Found up-to-date module file ../../../Engine/Plugins/Runtime/Steam/SteamVR/Binaries/Win64/UE4Editor-SteamVRController.dll (API version 3944462).
LogModuleManager: Display: Found up-to-date module file ../../../Engine/Plugins/Runtime/WindowsMoviePlayer/Binaries/Win64/UE4Editor-WindowsMoviePlayer.dll (API version 3944462).
LogInit: Using libcurl 7.47.1
LogInit:  - built for x86_64-pc-win32
LogInit:  - supports SSL with OpenSSL/1.0.2g
LogInit:  - supports HTTP deflate (compression) using libz 1.2.8
LogInit:  - other features:
LogInit:      CURL_VERSION_SSL
LogInit:      CURL_VERSION_LIBZ
LogInit:      CURL_VERSION_IPV6
LogInit:      CURL_VERSION_ASYNCHDNS
LogInit:      CURL_VERSION_LARGEFILE
LogInit:      CURL_VERSION_IDN
LogInit:  CurlRequestOptions (configurable via config and command line):
LogInit:  - bVerifyPeer = false  - Libcurl will NOT verify peer certificate
LogInit:  - bUseHttpProxy = false  - Libcurl will NOT use HTTP proxy
LogInit:  - bDontReuseConnections = false  - Libcurl will reuse connections
LogInit:  - CertBundlePath = nullptr  - Libcurl will use whatever was configured at build time.
LogInit:  - MaxHostConnections = 16  - Libcurl will limit the number of connections to a host
LogInit:  - LocalHostAddr = Default
LogInit: WinSock: version 1.1 (2.2), MaxSocks=32767, MaxUdp=65467
LogInit: WinSock: I am MAQUINON (192.168.56.1:0)
LogInit: Build: ++UE4+Release-4.19-CL-3989454
LogInit: Engine Version: 4.19.1-3989454+++UE4+Release-4.19
LogInit: Compatible Engine Version: 4.19.0-3944462+++UE4+Release-4.19
LogInit: Net CL: 3944462
LogDevObjectVersion: Number of dev versions registered: 18
LogDevObjectVersion:   Dev-Blueprints (B0D832E4-1F89-4F0D-ACCF-7EB736FD4AA2): 10
LogDevObjectVersion:   Dev-Build (E1C64328-A22C-4D53-A36C-8E866417BD8C): 0
LogDevObjectVersion:   Dev-Core (375EC13C-06E4-48FB-B500-84F0262A717E): 2
LogDevObjectVersion:   Dev-Editor (E4B068ED-F494-42E9-A231-DA0B2E46BB41): 23
LogDevObjectVersion:   Dev-Framework (CFFC743F-43B0-4480-9391-14DF171D2073): 33
LogDevObjectVersion:   Dev-Mobile (B02B49B5-BB20-44E9-A304-32B752E40360): 2
LogDevObjectVersion:   Dev-Networking (A4E4105C-59A1-49B5-A7C5-40C4547EDFEE): 0
LogDevObjectVersion:   Dev-Online (39C831C9-5AE6-47DC-9A44-9C173E1C8E7C): 0
LogDevObjectVersion:   Dev-Physics (78F01B33-EBEA-4F98-B9B4-84EACCB95AA2): 0
LogDevObjectVersion:   Dev-Platform (6631380F-2D4D-43E0-8009-CF276956A95A): 0
LogDevObjectVersion:   Dev-Rendering (12F88B9F-8875-4AFC-A67C-D90C383ABD29): 25
LogDevObjectVersion:   Dev-Sequencer (7B5AE74C-D270-4C10-A958-57980B212A5A): 6
LogDevObjectVersion:   Dev-VR (D7296918-1DD6-4BDD-9DE2-64A83CC13884): 1
LogDevObjectVersion:   Dev-LoadTimes (C2A15278-BFE7-4AFE-6C17-90FF531DF755): 1
LogDevObjectVersion:   Private-Geometry (6EACA3D4-40EC-4CC1-B786-8BED09428FC5): 2
LogDevObjectVersion:   Dev-AnimPhys (29E575DD-E0A3-4627-9D10-D276232CDCEA): 16
LogDevObjectVersion:   Dev-ReflectionCapture (6B266CEC-1EC7-4B8F-A30B-E4D90942FC07): 1
LogDevObjectVersion:   Dev-Automation (0DF73D61-A23F-47EA-B727-89E90C41499A): 1
LogInit: Compiled (64-bit): Apr  6 2018 12:26:04
LogInit: Compiled with Visual C++: 19.00.24215.01
LogInit: Build Configuration: Development
LogInit: Branch Name: ++UE4+Release-4.19
LogInit: Command Line: 
LogInit: Base Directory: C:/Program Files/Epic Games/UE_4.19/Engine/Binaries/Win64/
LogInit: Installed Engine Build: 1
LogStreaming: Display: Took  0.001s to delete old logs.
LogInit: Presizing for max 8388607 objects, including 0 objects not considered by GC, pre-allocating 0 bytes for permanent pool.
LogInit: Object subsystem initialized
[2018.04.30-11.02.57:717][  0]LogInit: Selected Device Profile: [Windows]
[2018.04.30-11.02.57:717][  0]LogInit: Applying CVar settings loaded from the selected device profile: [Windows]
[2018.04.30-11.02.57:722][  0]LogInit: Computer: MAQUINON
[2018.04.30-11.02.57:722][  0]LogInit: User: Juan
[2018.04.30-11.02.57:722][  0]LogInit: CPU Page size=4096, Cores=6
[2018.04.30-11.02.57:722][  0]LogInit: High frequency timer resolution =3.515693 MHz
[2018.04.30-11.02.57:723][  0]LogMemory: Memory total: Physical=8.0GB (8GB approx)
[2018.04.30-11.02.57:723][  0]LogMemory: Platform Memory Stats for Windows
[2018.04.30-11.02.57:723][  0]LogMemory: Process Physical Memory: 275.51 MB used, 275.51 MB peak
[2018.04.30-11.02.57:723][  0]LogMemory: Process Virtual Memory: 267.37 MB used, 267.37 MB peak
[2018.04.30-11.02.57:723][  0]LogMemory: Physical Memory: 4704.65 MB used,  3442.44 MB free, 8147.09 MB total
[2018.04.30-11.02.57:723][  0]LogMemory: Virtual Memory: 641.68 MB used,  3442.44 MB free, 8388608.00 MB total
[2018.04.30-11.02.57:739][  0]LogInit: Overriding language with editor language configuration option (en).
[2018.04.30-11.02.57:739][  0]LogInit: Overriding locale with editor locale configuration option (en).
[2018.04.30-11.02.58:014][  0]LogStreaming: Display: Took  0.275s to EndInitTextLocalization.
[2018.04.30-11.02.58:014][  0]LogWindows: Failed to load 'shcore.dll' (GetLastError=126)
[2018.04.30-11.02.58:014][  0]LogWindows: File 'shcore.dll' does not exist
[2018.04.30-11.02.58:014][  0]LogInit: Setting process to DPI aware
[2018.04.30-11.02.58:016][  0]LogWindows: Failed to load 'shcore.dll' (GetLastError=126)
[2018.04.30-11.02.58:016][  0]LogWindows: File 'shcore.dll' does not exist
[2018.04.30-11.02.58:016][  0]LogInit: Setting process to DPI aware
[2018.04.30-11.02.58:030][  0]LogSlate: New Slate User Created.  User Index 0, Is Virtual User: 0
[2018.04.30-11.02.58:030][  0]LogSlate: Slate User Registered.  User Index 0, Is Virtual User: 0
[2018.04.30-11.02.58:166][  0]LogD3D11RHI: D3D11 adapters:
[2018.04.30-11.02.58:193][  0]LogD3D11RHI:    0. 'NVIDIA GeForce GTX 1050 Ti' (Feature Level 11_0)
[2018.04.30-11.02.58:193][  0]LogD3D11RHI:       3998/0/3817 MB DedicatedVideo/DedicatedSystem/SharedSystem, Outputs:1, VendorId:0x10de
[2018.04.30-11.02.58:193][  0]LogD3D11RHI: Chosen D3D11 Adapter: 0
[2018.04.30-11.02.58:197][  0]LogD3D11RHI: Creating new Direct3DDevice
[2018.04.30-11.02.58:197][  0]LogD3D11RHI:     GPU DeviceId: 0x1c82 (for the marketing name, search the web for "GPU Device Id")
[2018.04.30-11.02.58:197][  0]LogWindows: EnumDisplayDevices:
[2018.04.30-11.02.58:197][  0]LogWindows:    0. 'NVIDIA GeForce GTX 1050 Ti' (P:1 D:1)
[2018.04.30-11.02.58:197][  0]LogWindows:    1. 'NVIDIA GeForce GTX 1050 Ti' (P:0 D:0)
[2018.04.30-11.02.58:197][  0]LogWindows:    2. 'NVIDIA GeForce GTX 1050 Ti' (P:0 D:0)
[2018.04.30-11.02.58:197][  0]LogWindows:    3. 'NVIDIA GeForce GTX 1050 Ti' (P:0 D:0)
[2018.04.30-11.02.58:197][  0]LogWindows:    4. 'RDPDD Chained DD' (P:0 D:0)
[2018.04.30-11.02.58:197][  0]LogWindows:    5. 'RDP Encoder Mirror Driver' (P:0 D:0)
[2018.04.30-11.02.58:197][  0]LogWindows:    6. 'RDP Reflector Display Driver' (P:0 D:0)
[2018.04.30-11.02.58:198][  0]LogWindows: DebugString: GetVideoDriverDetailsInvalid PrimaryIsNotTheChoosenAdapter GetVideoDriverDetailsInvalid PrimaryIsNotTheChoosenAdapter GetVideoDriverDetailsInvalid PrimaryIsNotTheChoosenAdapter FoundDriverCount:4 
[2018.04.30-11.02.58:198][  0]LogD3D11RHI:     Adapter Name: NVIDIA GeForce GTX 1050 Ti
[2018.04.30-11.02.58:198][  0]LogD3D11RHI:   Driver Version: 391.01 (internal:23.21.13.9101, unified:391.01)
[2018.04.30-11.02.58:198][  0]LogD3D11RHI:      Driver Date: 2-23-2018
[2018.04.30-11.02.58:198][  0]LogRHI: Texture pool is 2798 MB (70% of 3998 MB)
[2018.04.30-11.02.58:206][  0]LogD3D11RHI: [Aftermath] Aftermath enabled and primed
[2018.04.30-11.02.58:206][  0]LogD3D11RHI: [Aftermath] Aftermath enabled and primed
[2018.04.30-11.02.58:206][  0]LogD3D11RHI: Async texture creation enabled
[2018.04.30-11.02.58:223][  0]LogD3D11RHI: GPU Timing Frequency: 1000.000000 (Debug: 2 2)
[2018.04.30-11.02.58:269][  0]LogShaderCompilers: Guid format shader working directory is 8 characters bigger than the processId version (D:/CEDV/GIT/CEDVFighters/CEDVFighters/Intermediate/Shaders/WorkingDirectory/1984/).
[2018.04.30-11.02.58:269][  0]LogShaderCompilers: Cleaned the shader compiler working directory 'C:/Users/Juan/AppData/Local/Temp/UnrealShaderWorkingDir/809F3BC74F7F66AB7817C7A682929915/'.
[2018.04.30-11.02.58:388][  0]LogTemp: Display: Loaded TP AllDesktopTargetPlatform
[2018.04.30-11.02.58:397][  0]LogTemp: Display: Loaded TP MacClientTargetPlatform
[2018.04.30-11.02.58:406][  0]LogTemp: Display: Loaded TP MacNoEditorTargetPlatform
[2018.04.30-11.02.58:414][  0]LogTemp: Display: Loaded TP MacServerTargetPlatform
[2018.04.30-11.02.58:424][  0]LogTemp: Display: Loaded TP MacTargetPlatform
[2018.04.30-11.02.58:433][  0]LogTemp: Display: Loaded TP WindowsClientTargetPlatform
[2018.04.30-11.02.58:442][  0]LogTemp: Display: Loaded TP WindowsNoEditorTargetPlatform
[2018.04.30-11.02.58:451][  0]LogTemp: Display: Loaded TP WindowsServerTargetPlatform
[2018.04.30-11.02.58:455][  0]LogTemp: Display: Loaded TP WindowsTargetPlatform
[2018.04.30-11.02.58:463][  0]LogTemp: Display: Loaded TP Android_ASTCTargetPlatform
[2018.04.30-11.02.58:471][  0]LogTemp: Display: Loaded TP Android_ATCTargetPlatform
[2018.04.30-11.02.58:479][  0]LogTemp: Display: Loaded TP Android_DXTTargetPlatform
[2018.04.30-11.02.58:487][  0]LogTemp: Display: Loaded TP Android_ETC1aTargetPlatform
[2018.04.30-11.02.58:495][  0]LogTemp: Display: Loaded TP Android_ETC1TargetPlatform
[2018.04.30-11.02.58:503][  0]LogTemp: Display: Loaded TP Android_ETC2TargetPlatform
[2018.04.30-11.02.58:519][  0]LogTemp: Display: Loaded TP Android_MultiTargetPlatform
[2018.04.30-11.02.58:519][  0]LogTemp: Display: Loaded TP Android_PVRTCTargetPlatform
[2018.04.30-11.02.58:527][  0]LogTemp: Display: Loaded TP AndroidTargetPlatform
[2018.04.30-11.02.58:528][  0]LogTemp: Display: Loaded TP HTML5TargetPlatform
[2018.04.30-11.02.58:558][  0]LogTemp: Display: Loaded TP IOSTargetPlatform
[2018.04.30-11.02.58:565][  0]LogTemp: Display: Loaded TP TVOSTargetPlatform
[2018.04.30-11.02.58:573][  0]LogTemp: Display: Loaded TP LinuxClientTargetPlatform
[2018.04.30-11.02.58:580][  0]LogTemp: Display: Loaded TP LinuxNoEditorTargetPlatform
[2018.04.30-11.02.58:588][  0]LogTemp: Display: Loaded TP LinuxServerTargetPlatform
[2018.04.30-11.02.58:596][  0]LogTemp: Display: Loaded TP LinuxTargetPlatform
[2018.04.30-11.02.58:596][  0]LogTargetPlatformManager: Display: Building Assets For Windows
[2018.04.30-11.02.58:663][  0]LogXGEController: Cannot use XGE Controller as Incredibuild is not installed on this machine.
[2018.04.30-11.02.58:663][  0]LogShaderCompilers: Cannot use XGE Shader Compiler as Incredibuild is not installed on this machine.
[2018.04.30-11.02.58:663][  0]LogShaderCompilers: Display: Using Local Shader Compiler.
[2018.04.30-11.02.59:131][  0]LogDerivedDataCache: Display: Max Cache Size: 512 MB
[2018.04.30-11.02.59:191][  0]LogDerivedDataCache: Loaded boot cache 0.06s 74MB C:/Users/Juan/AppData/Local/UnrealEngine/4.19/DerivedDataCache/Boot.ddc.
[2018.04.30-11.02.59:191][  0]LogDerivedDataCache: Display: Loaded Boot cache: C:/Users/Juan/AppData/Local/UnrealEngine/4.19/DerivedDataCache/Boot.ddc
[2018.04.30-11.02.59:192][  0]LogDerivedDataCache: FDerivedDataBackendGraph:  Pak pak cache file D:/CEDV/GIT/CEDVFighters/CEDVFighters/DerivedDataCache/DDC.ddp not found, will not use a pak cache.
[2018.04.30-11.02.59:192][  0]LogDerivedDataCache: Unable to find inner node Pak for hierarchical cache Hierarchy.
[2018.04.30-11.02.59:192][  0]LogDerivedDataCache: FDerivedDataBackendGraph:  CompressedPak pak cache file D:/CEDV/GIT/CEDVFighters/CEDVFighters/DerivedDataCache/Compressed.ddp not found, will not use a pak cache.
[2018.04.30-11.02.59:192][  0]LogDerivedDataCache: Unable to find inner node CompressedPak for hierarchical cache Hierarchy.
[2018.04.30-11.02.59:203][  0]LogDerivedDataCache: Display: Pak cache opened for reading ../../../Engine/DerivedDataCache/Compressed.ddp.
[2018.04.30-11.02.59:214][  0]LogDerivedDataCache: Using Local data cache path C:/Users/Juan/AppData/Local/UnrealEngine/Common/DerivedDataCache: Writable
[2018.04.30-11.02.59:222][  0]LogMaterial: Verifying Global Shaders for PCD3D_SM5
[2018.04.30-11.02.59:222][  0]LogSlate: Using Freetype 2.6.0
[2018.04.30-11.02.59:222][  0]LogSlate: SlateFontCache - WITH_FREETYPE: 1, WITH_HARFBUZZ: 1
[2018.04.30-11.02.59:222][  0]LogSlate: SlateFontCache - WITH_FREETYPE: 1, WITH_HARFBUZZ: 1
[2018.04.30-11.02.59:322][  0]LogAssetRegistry: FAssetRegistry took 0.0228 seconds to start up
[2018.04.30-11.02.59:513][  0]LogInit: Selected Device Profile: [Windows]
[2018.04.30-11.02.59:609][  0]LogSimplygon: Simplygon DLL not present - disabling.
[2018.04.30-11.02.59:611][  0]LogMeshReduction: Using SimplygonSwarm for distributed automatic mesh merging
[2018.04.30-11.02.59:611][  0]LogMeshReduction: Using QuadricMeshReduction for automatic static mesh reduction
[2018.04.30-11.02.59:611][  0]LogMeshReduction: No automatic skeletal mesh reduction module available
[2018.04.30-11.02.59:611][  0]LogMeshReduction: No automatic mesh merging module available
[2018.04.30-11.02.59:611][  0]LogMeshMerging: No automatic mesh merging module available
[2018.04.30-11.02.59:630][  0]LogNetVersion: CEDVFighters , NetCL: 3944462, EngineNetVer: 2, GameNetVer: 0 (Checksum: 260886863)
[2018.04.30-11.02.59:911][  0]LogPackageLocalizationCache: Processed 9 localized package path(s) for 1 prioritized culture(s) in 0.022894 seconds
[2018.04.30-11.02.59:915][  0]LogUObjectArray: 36728 objects as part of root set at end of initial load.
[2018.04.30-11.02.59:915][  0]LogUObjectAllocator: 7314304 out of 0 bytes used by permanent object pool.
[2018.04.30-11.02.59:915][  0]LogUObjectArray: CloseDisregardForGC: 0/0 objects in disregard for GC pool
[2018.04.30-11.03.01:096][  0]LogTcpMessaging: Initializing TcpMessaging bridge
[2018.04.30-11.03.01:118][  0]LogUdpMessaging: Initializing bridge on interface 0.0.0.0:0 to multicast group 230.0.0.1:6666.
[2018.04.30-11.03.01:443][  0]SourceControl: Source control is disabled
[2018.04.30-11.03.01:443][  0]SourceControl: Source control is disabled
[2018.04.30-11.03.01:454][  0]SourceControl: Source control is disabled
[2018.04.30-11.03.01:464][  0]SourceControl: Source control is disabled
[2018.04.30-11.03.01:783][  0]LogAndroidPermission: UAndroidPermissionCallbackProxy::GetInstance
[2018.04.30-11.03.01:876][  0]LogOcInput: OculusInput pre-init called
[2018.04.30-11.03.01:945][  0]LogEngine: Initializing Engine...
[2018.04.30-11.03.01:946][  0]LogHMD: Failed to initialize OpenVR with code 110
[2018.04.30-11.03.01:947][  0]LogStats: UGameplayTagsManager::ConstructGameplayTagTree: Construct from data asset -  0.000 s
[2018.04.30-11.03.01:947][  0]LogStats: UGameplayTagsManager::ConstructGameplayTagTree: GameplayTagTreeChangedEvent.Broadcast -  0.000 s
[2018.04.30-11.03.02:121][  0]LogAIModule: Creating AISystem for world Untitled
[2018.04.30-11.03.02:142][  0]LogInit: XAudio2 using 'Altavoces (2- Realtek High Definition Audio)' : 2 channels at 48 kHz using 32 bits per sample (channel mask 0x3)
[2018.04.30-11.03.02:147][  0]LogInit: FAudioDevice initialized.
[2018.04.30-11.03.02:183][  0]LogDerivedDataCache: Saved boot cache 0.04s 75MB C:/Users/Juan/AppData/Local/UnrealEngine/4.19/DerivedDataCache/Boot.ddc.
[2018.04.30-11.03.02:189][  0]LogInit: Texture streaming: Enabled
[2018.04.30-11.03.02:201][  0]LogEngineSessionManager: EngineSessionManager initialized
[2018.04.30-11.03.02:210][  0]LogInit: Transaction tracking system initialized
[2018.04.30-11.03.02:225][  0]BlueprintLog: New page: Editor Load
[2018.04.30-11.03.02:274][  0]LocalizationService: Localization service is disabled
[2018.04.30-11.03.02:333][  0]LogLinker: Warning: Can't find file '/Game/2DSideScrollerBP/2DSideScrollerOverview'
[2018.04.30-11.03.02:333][  0]LogLinker: Warning: Can't find file '/Game/2DSideScrollerBP/2DSideScrollerOverview'
[2018.04.30-11.03.02:333][  0]LogUObjectGlobals: Warning: Failed to find object 'Class /Game/2DSideScrollerBP/2DSideScrollerOverview.2DSideScrollerOverview_C'
[2018.04.30-11.03.02:348][  0]LogConsoleResponse: Display: 
[2018.04.30-11.03.02:462][  0]LogCook: Display: Max memory allowance for cook 16384mb min free memory 0mb
[2018.04.30-11.03.02:462][  0]LogCook: Display: Mobile HDR setting 1
[2018.04.30-11.03.02:462][  0]LogGameplayTags: Display: UGameplayTagsManager::DoneAddingNativeTags. DelegateIsBound: 0
[2018.04.30-11.03.02:462][  0]LogStats: UGameplayTagsManager::ConstructGameplayTagTree: Construct from data asset -  0.000 s
[2018.04.30-11.03.02:462][  0]LogStats: UGameplayTagsManager::ConstructGameplayTagTree: GameplayTagTreeChangedEvent.Broadcast -  0.000 s
[2018.04.30-11.03.02:612][  0]LogFileCache: Scanning file cache for directory 'D:/CEDV/GIT/CEDVFighters/CEDVFighters/Content/' took 0.01s
[2018.04.30-11.03.02:694][  0]SourceControl: Source control is disabled
[2018.04.30-11.03.02:694][  0]Cmd: MAP LOAD FILE="D:/CEDV/GIT/CEDVFighters/CEDVFighters/Content/TwinStickCPP/Maps/TwinStickExampleMap.umap" TEMPLATE=0 SHOWPROGRESS=1 FEATURELEVEL=3
[2018.04.30-11.03.02:747][  0]LightingResults: New page: Lighting Build
[2018.04.30-11.03.02:749][  0]MapCheck: New page: Map Check
[2018.04.30-11.03.02:749][  0]LightingResults: New page: Lighting Build
[2018.04.30-11.03.03:094][  0]LogAIModule: Creating AISystem for world TwinStickExampleMap
[2018.04.30-11.03.03:098][  0]LogEditorServer: Finished looking for orphan Actors (0.000 secs)
[2018.04.30-11.03.03:106][  0]Cmd: MAP CHECKDEP NOCLEARLOG
[2018.04.30-11.03.03:150][  0]MapCheck: Map check complete: 0 Error(s), 0 Warning(s), took 43.411ms to complete.
[2018.04.30-11.03.03:150][  0]LogFileHelpers: Loading map 'TwinStickExampleMap' took 0.456
[2018.04.30-11.03.03:262][  0]LogCollectionManager: Loaded 0 collections in 0.001244 seconds
[2018.04.30-11.03.03:296][  0]LogFileCache: Scanning file cache for directory 'D:/CEDV/GIT/CEDVFighters/CEDVFighters/Saved/Collections/' took 0.01s
[2018.04.30-11.03.03:296][  0]LogFileCache: Scanning file cache for directory 'D:/CEDV/GIT/CEDVFighters/CEDVFighters/Content/Developers/Juan/Collections/' took 0.01s
[2018.04.30-11.03.03:296][  0]LogFileCache: Scanning file cache for directory 'D:/CEDV/GIT/CEDVFighters/CEDVFighters/Content/Collections/' took 0.01s
[2018.04.30-11.03.03:296][  0]LogCollectionManager: Rebuilt the GUID cache for 0 collections in 0.000000 seconds
[2018.04.30-11.03.03:303][  0]LogContentBrowser: Native class hierarchy populated in 0.0069 seconds. Added 2458 classes and 565 folders.
[2018.04.30-11.03.03:308][  0]LogContentBrowser: Native class hierarchy updated for 'WidgetCarousel' in 0.0004 seconds. Added 0 classes and 0 folders.
[2018.04.30-11.03.03:335][  0]LogContentBrowser: Native class hierarchy updated for 'AddContentDialog' in 0.0004 seconds. Added 0 classes and 0 folders.
[2018.04.30-11.03.03:340][  0]LogSlate: Took 0.000217 seconds to synchronously load lazily loaded font '../../../Engine/Content/Slate/Fonts/Roboto-Regular.ttf' (155K)
[2018.04.30-11.03.03:342][  0]LogSlate: Took 0.000166 seconds to synchronously load lazily loaded font '../../../Engine/Content/Slate/Fonts/Roboto-Bold.ttf' (160K)
[2018.04.30-11.03.03:346][  0]LogSlate: Took 0.000224 seconds to synchronously load lazily loaded font '../../../Engine/Content/Editor/Slate/Fonts/FontAwesome.ttf' (139K)
[2018.04.30-11.03.03:404][  0]LogRenderer: Reallocating scene render targets to support 1164x236 Format 10 NumSamples 1 (Frame:1).
[2018.04.30-11.03.03:505][  0]LogContentBrowser: Native class hierarchy updated for 'HierarchicalLODOutliner' in 0.0004 seconds. Added 0 classes and 0 folders.
[2018.04.30-11.03.03:505][  0]LogLoad: (Engine Initialization) Total time: 7.81 seconds
[2018.04.30-11.03.03:505][  0]LogLoad: (Engine Initialization) Total Blueprint compile time: 0.00 seconds
[2018.04.30-11.03.03:527][  0]LogAssetRegistry: Asset discovery search completed in 4.2255 seconds
[2018.04.30-11.03.03:528][  0]LogCollectionManager: Rebuilt the object cache for 0 collections in 0.000000 seconds (found 0 objects)
[2018.04.30-11.03.03:528][  0]LogCollectionManager: Fixed up redirectors for 0 collections in 0.000030 seconds (updated 0 objects)
[2018.04.30-11.03.03:531][  0]LogContentStreaming: Texture pool size now 1000 MB
[2018.04.30-11.03.03:558][  0]LogSlate: Took 0.000230 seconds to synchronously load lazily loaded font '../../../Engine/Content/Slate/Fonts/Roboto-Light.ttf' (167K)
[2018.04.30-11.03.08:564][589]LogSlate: FSceneViewport::OnFocusLost() reason 0
[2018.04.30-11.03.11:444][934]LogSlate: Took 0.000132 seconds to synchronously load lazily loaded font '../../../Engine/Content/Slate/Fonts/Roboto-Light.ttf' (167K)
[2018.04.30-11.03.11:467][934]LogMaterial: Missing cached shader map for material Mat_2DExplosion, compiling. 
[2018.04.30-11.03.11:514][934]LogShaderCompilers: Display: Shaders left to compile 43
[2018.04.30-11.03.11:514][934]LogShaderCompilers: Display: Shaders left to compile 33
[2018.04.30-11.03.11:526][934]LogMetaData: Removing '/Game/CEDVFighters/FX/2DExplosion/BP_2DExplosion.BP_2DExplosion_C' ref from Metadata '/Game/FX/2DExplosion/BP_2DExplosion.PackageMetaData'
[2018.04.30-11.03.11:526][934]LogMetaData: Removing '/Game/CEDVFighters/FX/2DExplosion/BP_2DExplosion.BP_2DExplosion:EventGraph.K2Node_Event_0' ref from Metadata '/Game/FX/2DExplosion/BP_2DExplosion.PackageMetaData'
[2018.04.30-11.03.11:526][934]LogMetaData: Removing '/Game/CEDVFighters/FX/2DExplosion/BP_2DExplosion.BP_2DExplosion:EventGraph.K2Node_Event_2' ref from Metadata '/Game/FX/2DExplosion/BP_2DExplosion.PackageMetaData'
[2018.04.30-11.03.11:526][934]LogMetaData: Removing '/Game/CEDVFighters/FX/2DExplosion/BP_2DExplosion.BP_2DExplosion:UserConstructionScript.K2Node_FunctionEntry_0' ref from Metadata '/Game/FX/2DExplosion/BP_2DExplosion.PackageMetaData'
[2018.04.30-11.03.11:526][934]LogMetaData: Removing '/Game/CEDVFighters/FX/2DExplosion/BP_2DExplosion.BP_2DExplosion:AnimationTimer.K2Node_FunctionEntry_6' ref from Metadata '/Game/FX/2DExplosion/BP_2DExplosion.PackageMetaData'
[2018.04.30-11.03.11:526][934]LogMetaData: Removing '/Game/CEDVFighters/FX/2DExplosion/BP_2DExplosion.SKEL_BP_2DExplosion_C:ReceiveBeginPlay' ref from Metadata '/Game/FX/2DExplosion/BP_2DExplosion.PackageMetaData'
[2018.04.30-11.03.11:526][934]LogMetaData: Removing '/Game/CEDVFighters/FX/2DExplosion/BP_2DExplosion.SKEL_BP_2DExplosion_C:ReceiveTick' ref from Metadata '/Game/FX/2DExplosion/BP_2DExplosion.PackageMetaData'
[2018.04.30-11.03.11:526][934]LogMetaData: Removing '/Game/CEDVFighters/FX/2DExplosion/BP_2DExplosion.SKEL_BP_2DExplosion_C:DynMat' ref from Metadata '/Game/FX/2DExplosion/BP_2DExplosion.PackageMetaData'
[2018.04.30-11.03.11:526][934]LogMetaData: Removing '/Game/CEDVFighters/FX/2DExplosion/BP_2DExplosion.SKEL_BP_2DExplosion_C:DefaultSceneRoot' ref from Metadata '/Game/FX/2DExplosion/BP_2DExplosion.PackageMetaData'
[2018.04.30-11.03.11:526][934]LogMetaData: Removing '/Game/CEDVFighters/FX/2DExplosion/BP_2DExplosion.SKEL_BP_2DExplosion_C:Plane' ref from Metadata '/Game/FX/2DExplosion/BP_2DExplosion.PackageMetaData'
[2018.04.30-11.03.11:526][934]LogMetaData: Removing '/Game/CEDVFighters/FX/2DExplosion/BP_2DExplosion.SKEL_BP_2DExplosion_C:Audio' ref from Metadata '/Game/FX/2DExplosion/BP_2DExplosion.PackageMetaData'
[2018.04.30-11.03.11:526][934]LogMetaData: Removing '/Game/CEDVFighters/FX/2DExplosion/BP_2DExplosion.SKEL_BP_2DExplosion_C:UserConstructionScript' ref from Metadata '/Game/FX/2DExplosion/BP_2DExplosion.PackageMetaData'
[2018.04.30-11.03.11:526][934]LogMetaData: Removing '/Game/CEDVFighters/FX/2DExplosion/BP_2DExplosion.SKEL_BP_2DExplosion_C' ref from Metadata '/Game/FX/2DExplosion/BP_2DExplosion.PackageMetaData'
[2018.04.30-11.03.11:526][934]LogMetaData: Removing '/Game/CEDVFighters/FX/2DExplosion/BP_2DExplosion.BP_2DExplosion_C:DynMat' ref from Metadata '/Game/FX/2DExplosion/BP_2DExplosion.PackageMetaData'
[2018.04.30-11.03.11:527][934]LogMetaData: Removing '/Game/CEDVFighters/FX/2DExplosion/BP_2DExplosion.BP_2DExplosion_C:DefaultSceneRoot' ref from Metadata '/Game/FX/2DExplosion/BP_2DExplosion.PackageMetaData'
[2018.04.30-11.03.11:527][934]LogMetaData: Removing '/Game/CEDVFighters/FX/2DExplosion/BP_2DExplosion.BP_2DExplosion_C:Plane' ref from Metadata '/Game/FX/2DExplosion/BP_2DExplosion.PackageMetaData'
[2018.04.30-11.03.11:527][934]LogMetaData: Removing '/Game/CEDVFighters/FX/2DExplosion/BP_2DExplosion.BP_2DExplosion_C:Audio' ref from Metadata '/Game/FX/2DExplosion/BP_2DExplosion.PackageMetaData'
[2018.04.30-11.03.11:527][934]LogMetaData: Removing '/Game/CEDVFighters/FX/2DExplosion/BP_2DExplosion.BP_2DExplosion_C:ReceiveTick' ref from Metadata '/Game/FX/2DExplosion/BP_2DExplosion.PackageMetaData'
[2018.04.30-11.03.11:527][934]LogMetaData: Removing '/Game/CEDVFighters/FX/2DExplosion/BP_2DExplosion.BP_2DExplosion_C:ReceiveBeginPlay' ref from Metadata '/Game/FX/2DExplosion/BP_2DExplosion.PackageMetaData'
[2018.04.30-11.03.11:527][934]LogMetaData: Removing '/Game/CEDVFighters/FX/2DExplosion/BP_2DExplosion.BP_2DExplosion_C:UserConstructionScript' ref from Metadata '/Game/FX/2DExplosion/BP_2DExplosion.PackageMetaData'
[2018.04.30-11.03.11:527][934]LogMetaData: Removing '/Game/CEDVFighters/FX/2DExplosion/BP_2DExplosion.BP_2DExplosion_C:ExecuteUbergraph_BP_2DExplosion' ref from Metadata '/Game/FX/2DExplosion/BP_2DExplosion.PackageMetaData'
[2018.04.30-11.03.11:565][934]LogRenderer: Reallocating scene render targets to support 1164x256 Format 10 NumSamples 1 (Frame:1).
[2018.04.30-11.03.11:584][934]Cmd: OBJ SAVEPACKAGE PACKAGE="/Game/CEDVFighters/FX/2DExplosion/BP_2DExplosion" FILE="D:/CEDV/GIT/CEDVFighters/CEDVFighters/Content/CEDVFighters/FX/2DExplosion/BP_2DExplosion.uasset" SILENT=true
[2018.04.30-11.03.11:600][934]LogSavePackage: Save=15.23ms
[2018.04.30-11.03.11:600][934]LogSavePackage: Moving 'D:/CEDV/GIT/CEDVFighters/CEDVFighters/Saved/BP_2DExplosionCB85260B4C978F45BDA56392F2837D84.tmp' to 'D:/CEDV/GIT/CEDVFighters/CEDVFighters/Content/CEDVFighters/FX/2DExplosion/BP_2DExplosion.uasset'
[2018.04.30-11.03.11:603][934]LogSavePackage: Display: Finished SavePackage D:/CEDV/GIT/CEDVFighters/CEDVFighters/Content/CEDVFighters/FX/2DExplosion/BP_2DExplosion.uasset
[2018.04.30-11.03.15:043][934]LogShaderCompilers: Display: Shaders left to compile 23
[2018.04.30-11.03.15:043][934]LogShaderCompilers: Display: Shaders left to compile 13
[2018.04.30-11.03.15:043][934]LogShaderCompilers: Display: Shaders left to compile 3
[2018.04.30-11.03.15:091][934]Cmd: OBJ SAVEPACKAGE PACKAGE="/Game/CEDVFighters/FX/2DExplosion/Mat_2DExplosion" FILE="D:/CEDV/GIT/CEDVFighters/CEDVFighters/Content/CEDVFighters/FX/2DExplosion/Mat_2DExplosion.uasset" SILENT=true
[2018.04.30-11.03.15:099][934]LogSavePackage: Save=7.51ms
[2018.04.30-11.03.15:099][934]LogSavePackage: Moving 'D:/CEDV/GIT/CEDVFighters/CEDVFighters/Saved/Mat_2DExplosionDA2628E64C5D257674AE66A59B04F0B6.tmp' to 'D:/CEDV/GIT/CEDVFighters/CEDVFighters/Content/CEDVFighters/FX/2DExplosion/Mat_2DExplosion.uasset'
[2018.04.30-11.03.15:100][934]LogSavePackage: Display: Finished SavePackage D:/CEDV/GIT/CEDVFighters/CEDVFighters/Content/CEDVFighters/FX/2DExplosion/Mat_2DExplosion.uasset
[2018.04.30-11.03.15:139][934]LogSavePackage: Save=6.20ms
[2018.04.30-11.03.15:139][934]LogSavePackage: Moving 'D:/CEDV/GIT/CEDVFighters/CEDVFighters/Saved/Mat_2DExplosion_InstAA7AE33D4834E81C8CE3DAB79D4E834D.tmp' to 'D:/CEDV/GIT/CEDVFighters/CEDVFighters/Content/CEDVFighters/FX/2DExplosion/Mat_2DExplosion_Inst.uasset'
[2018.04.30-11.03.15:140][934]LogSavePackage: Display: Finished SavePackage D:/CEDV/GIT/CEDVFighters/CEDVFighters/Content/CEDVFighters/FX/2DExplosion/Mat_2DExplosion_Inst.uasset
[2018.04.30-11.03.15:153][934]Cmd: OBJ SAVEPACKAGE PACKAGE="/Game/CEDVFighters/FX/2DExplosion/Tex_2DExplosion" FILE="D:/CEDV/GIT/CEDVFighters/CEDVFighters/Content/CEDVFighters/FX/2DExplosion/Tex_2DExplosion.uasset" SILENT=true
[2018.04.30-11.03.15:159][934]LogSavePackage: Save=4.63ms
[2018.04.30-11.03.15:159][934]LogSavePackage: Moving 'D:/CEDV/GIT/CEDVFighters/CEDVFighters/Saved/Tex_2DExplosion18E4A13D4B6C24C02B2D5597FA066223.tmp' to 'D:/CEDV/GIT/CEDVFighters/CEDVFighters/Content/CEDVFighters/FX/2DExplosion/Tex_2DExplosion.uasset'
[2018.04.30-11.03.15:160][934]LogSavePackage: Display: Finished SavePackage D:/CEDV/GIT/CEDVFighters/CEDVFighters/Content/CEDVFighters/FX/2DExplosion/Tex_2DExplosion.uasset
[2018.04.30-11.03.15:166][934]Cmd: OBJ SAVEPACKAGE PACKAGE="/Game/CEDVFighters/FX/MotorFlame/FX_MotorFlame" FILE="D:/CEDV/GIT/CEDVFighters/CEDVFighters/Content/CEDVFighters/FX/MotorFlame/FX_MotorFlame.uasset" SILENT=true
[2018.04.30-11.03.15:171][934]LogSavePackage: Save=5.02ms
[2018.04.30-11.03.15:171][934]LogSavePackage: Moving 'D:/CEDV/GIT/CEDVFighters/CEDVFighters/Saved/FX_MotorFlameD406EB014F75C47FCB995ABF02B34494.tmp' to 'D:/CEDV/GIT/CEDVFighters/CEDVFighters/Content/CEDVFighters/FX/MotorFlame/FX_MotorFlame.uasset'
[2018.04.30-11.03.15:172][934]LogSavePackage: Display: Finished SavePackage D:/CEDV/GIT/CEDVFighters/CEDVFighters/Content/CEDVFighters/FX/MotorFlame/FX_MotorFlame.uasset
[2018.04.30-11.03.15:200][934]Cmd: OBJ SAVEPACKAGE PACKAGE="/Game/CEDVFighters/FX/MotorFlame/Mat_MotorFlame_Inst" FILE="D:/CEDV/GIT/CEDVFighters/CEDVFighters/Content/CEDVFighters/FX/MotorFlame/Mat_MotorFlame_Inst.uasset" SILENT=true
[2018.04.30-11.03.15:206][934]LogSavePackage: Save=5.06ms
[2018.04.30-11.03.15:206][934]LogSavePackage: Moving 'D:/CEDV/GIT/CEDVFighters/CEDVFighters/Saved/Mat_MotorFlame_Inst0A4C3B154E57A27E2F4EC39435D9FF1D.tmp' to 'D:/CEDV/GIT/CEDVFighters/CEDVFighters/Content/CEDVFighters/FX/MotorFlame/Mat_MotorFlame_Inst.uasset'
[2018.04.30-11.03.15:207][934]LogSavePackage: Display: Finished SavePackage D:/CEDV/GIT/CEDVFighters/CEDVFighters/Content/CEDVFighters/FX/MotorFlame/Mat_MotorFlame_Inst.uasset
[2018.04.30-11.03.15:243][934]LogSavePackage: Save=5.68ms
[2018.04.30-11.03.15:244][934]LogSavePackage: Moving 'D:/CEDV/GIT/CEDVFighters/CEDVFighters/Saved/Mat_MotorFlame_MasterD60319034A17EF4165E4B985BD95ADD6.tmp' to 'D:/CEDV/GIT/CEDVFighters/CEDVFighters/Content/CEDVFighters/FX/MotorFlame/Mat_MotorFlame_Master.uasset'
[2018.04.30-11.03.15:245][934]LogSavePackage: Display: Finished SavePackage D:/CEDV/GIT/CEDVFighters/CEDVFighters/Content/CEDVFighters/FX/MotorFlame/Mat_MotorFlame_Master.uasset
[2018.04.30-11.03.15:248][934]Cmd: OBJ SAVEPACKAGE PACKAGE="/Game/CEDVFighters/FX/MotorFlame/Tex_MotorFlame" FILE="D:/CEDV/GIT/CEDVFighters/CEDVFighters/Content/CEDVFighters/FX/MotorFlame/Tex_MotorFlame.uasset" SILENT=true
[2018.04.30-11.03.15:250][934]LogSavePackage: Save=1.34ms
[2018.04.30-11.03.15:250][934]LogSavePackage: Moving 'D:/CEDV/GIT/CEDVFighters/CEDVFighters/Saved/Tex_MotorFlameACF0369A4992EEADF08B2AAD48C8F06D.tmp' to 'D:/CEDV/GIT/CEDVFighters/CEDVFighters/Content/CEDVFighters/FX/MotorFlame/Tex_MotorFlame.uasset'
[2018.04.30-11.03.15:251][934]LogSavePackage: Display: Finished SavePackage D:/CEDV/GIT/CEDVFighters/CEDVFighters/Content/CEDVFighters/FX/MotorFlame/Tex_MotorFlame.uasset
[2018.04.30-11.03.46:533][646]Cmd: OBJ SAVEPACKAGE PACKAGE="/Game/CEDVFighters/SOUND/Explosion" FILE="D:/CEDV/GIT/CEDVFighters/CEDVFighters/Content/CEDVFighters/SOUND/Explosion.uasset" SILENT=true
[2018.04.30-11.03.46:536][646]LogSavePackage: Save=2.38ms
[2018.04.30-11.03.46:536][646]LogSavePackage: Moving 'D:/CEDV/GIT/CEDVFighters/CEDVFighters/Saved/ExplosionF547FD204FAA9E2F705CEE8BF4B0A40F.tmp' to 'D:/CEDV/GIT/CEDVFighters/CEDVFighters/Content/CEDVFighters/SOUND/Explosion.uasset'
[2018.04.30-11.03.46:537][646]LogSavePackage: Display: Finished SavePackage D:/CEDV/GIT/CEDVFighters/CEDVFighters/Content/CEDVFighters/SOUND/Explosion.uasset
[2018.04.30-11.03.46:601][646]Cmd: OBJ SAVEPACKAGE PACKAGE="/Game/CEDVFighters/FX/2DExplosion/BP_2DExplosion" FILE="D:/CEDV/GIT/CEDVFighters/CEDVFighters/Content/CEDVFighters/FX/2DExplosion/BP_2DExplosion.uasset" SILENT=true
[2018.04.30-11.03.46:617][646]LogSavePackage: Save=14.03ms
[2018.04.30-11.03.46:617][646]LogSavePackage: Moving 'D:/CEDV/GIT/CEDVFighters/CEDVFighters/Saved/BP_2DExplosionAD44E7B24C5BCAFB626C91B4EB2A4A15.tmp' to 'D:/CEDV/GIT/CEDVFighters/CEDVFighters/Content/CEDVFighters/FX/2DExplosion/BP_2DExplosion.uasset'
[2018.04.30-11.03.46:618][646]LogSavePackage: Display: Finished SavePackage D:/CEDV/GIT/CEDVFighters/CEDVFighters/Content/CEDVFighters/FX/2DExplosion/BP_2DExplosion.uasset
[2018.04.30-11.04.10:511][485]Cmd: OBJ SAVEPACKAGE PACKAGE="/Game/CEDVFighters/SOUND/GAME/Explosion" FILE="D:/CEDV/GIT/CEDVFighters/CEDVFighters/Content/CEDVFighters/SOUND/GAME/Explosion.uasset" SILENT=true
[2018.04.30-11.04.10:514][485]LogSavePackage: Save=2.35ms
[2018.04.30-11.04.10:514][485]LogSavePackage: Moving 'D:/CEDV/GIT/CEDVFighters/CEDVFighters/Saved/Explosion88C01BFE4A7AFAA28ED177937DDC8B71.tmp' to 'D:/CEDV/GIT/CEDVFighters/CEDVFighters/Content/CEDVFighters/SOUND/GAME/Explosion.uasset'
[2018.04.30-11.04.10:521][485]LogSavePackage: Display: Finished SavePackage D:/CEDV/GIT/CEDVFighters/CEDVFighters/Content/CEDVFighters/SOUND/GAME/Explosion.uasset
[2018.04.30-11.04.10:584][485]Cmd: OBJ SAVEPACKAGE PACKAGE="/Game/CEDVFighters/FX/2DExplosion/BP_2DExplosion" FILE="D:/CEDV/GIT/CEDVFighters/CEDVFighters/Content/CEDVFighters/FX/2DExplosion/BP_2DExplosion.uasset" SILENT=true
[2018.04.30-11.04.10:599][485]LogSavePackage: Save=13.84ms
[2018.04.30-11.04.10:599][485]LogSavePackage: Moving 'D:/CEDV/GIT/CEDVFighters/CEDVFighters/Saved/BP_2DExplosionD9913F584BC06A820895869795F056AB.tmp' to 'D:/CEDV/GIT/CEDVFighters/CEDVFighters/Content/CEDVFighters/FX/2DExplosion/BP_2DExplosion.uasset'
[2018.04.30-11.04.10:600][485]LogSavePackage: Display: Finished SavePackage D:/CEDV/GIT/CEDVFighters/CEDVFighters/Content/CEDVFighters/FX/2DExplosion/BP_2DExplosion.uasset
[2018.04.30-11.04.27:124][459]LogMaterial: Missing cached shader map for material Mat_2DExplosion, compiling. 
[2018.04.30-11.04.27:373][459]LogMaterial: Missing cached shader map for material Mat_2DExplosion, compiling. 
[2018.04.30-11.04.27:394][459]LogShaderCompilers: Display: Shaders left to compile 24
[2018.04.30-11.04.27:394][459]LogShaderCompilers: Display: Shaders left to compile 23
[2018.04.30-11.04.27:405][459]LogMaterial: Missing cached shader map for material FMatExpressionPreview MaterialExpressionTextureObject_0, compiling. 
[2018.04.30-11.04.27:410][459]LogSlate: Took 0.000255 seconds to synchronously load lazily loaded font '../../../Engine/Content/Slate/Fonts/Roboto-BoldCondensed.ttf' (158K)
[2018.04.30-11.04.27:512][459]LogRenderer: Reallocating scene render targets to support 1164x476 Format 10 NumSamples 1 (Frame:1).
[2018.04.30-11.04.27:632][470]LogSlate: Took 0.001680 seconds to synchronously load lazily loaded font '../../../Engine/Content/Slate/Fonts/Roboto-Italic.ttf' (157K)
[2018.04.30-11.04.27:735][480]LogShaderCompilers: Display: Shaders left to compile 24
[2018.04.30-11.04.27:744][481]LogShaderCompilers: Display: Shaders left to compile 23
[2018.04.30-11.04.27:850][491]LogShaderCompilers: Display: Shaders left to compile 22
[2018.04.30-11.04.27:858][492]LogShaderCompilers: Display: Shaders left to compile 21
[2018.04.30-11.04.28:085][514]LogShaderCompilers: Display: Shaders left to compile 20
[2018.04.30-11.04.28:094][515]LogShaderCompilers: Display: Shaders left to compile 19
[2018.04.30-11.04.28:309][534]LogShaderCompilers: Display: Shaders left to compile 18
[2018.04.30-11.04.28:326][535]LogShaderCompilers: Display: Shaders left to compile 17
[2018.04.30-11.04.28:518][551]LogShaderCompilers: Display: Shaders left to compile 16
[2018.04.30-11.04.28:697][567]LogShaderCompilers: Display: Shaders left to compile 15
[2018.04.30-11.04.28:726][570]LogShaderCompilers: Display: Shaders left to compile 14
[2018.04.30-11.04.28:939][589]LogShaderCompilers: Display: Shaders left to compile 13
[2018.04.30-11.04.29:101][605]LogShaderCompilers: Display: Shaders left to compile 12
[2018.04.30-11.04.29:101][605]LogShaderCompilers: Display: Shaders left to compile 11
[2018.04.30-11.04.29:299][624]LogShaderCompilers: Display: Shaders left to compile 10
[2018.04.30-11.04.29:319][626]LogShaderCompilers: Display: Shaders left to compile 9
[2018.04.30-11.04.29:492][642]LogShaderCompilers: Display: Shaders left to compile 8
[2018.04.30-11.04.29:659][659]LogShaderCompilers: Display: Shaders left to compile 7
[2018.04.30-11.04.29:722][666]LogShaderCompilers: Display: Shaders left to compile 6
[2018.04.30-11.04.29:911][684]LogShaderCompilers: Display: Shaders left to compile 5
[2018.04.30-11.04.30:068][701]LogShaderCompilers: Display: Shaders left to compile 4
[2018.04.30-11.04.30:087][703]LogShaderCompilers: Display: Shaders left to compile 3
[2018.04.30-11.04.30:291][723]LogShaderCompilers: Display: Shaders left to compile 2
[2018.04.30-11.04.30:329][727]LogShaderCompilers: Display: Shaders left to compile 1
[2018.04.30-11.04.30:341][728]MaterialEditorStats: Base pass shader: 65 instructions
[2018.04.30-11.04.30:341][728]MaterialEditorStats: Base pass shader with Surface Lightmap: 103 instructions
[2018.04.30-11.04.30:341][728]MaterialEditorStats: Base pass shader with Volumetric Lightmap: 92 instructions
[2018.04.30-11.04.30:341][728]MaterialEditorStats: Vertex shader: 113 instructions
[2018.04.30-11.04.30:341][728]MaterialEditorStats: Texture samplers: 3/16
[2018.04.30-11.04.30:341][728]MaterialEditorStats: User interpolators: 2/4 Scalars (1/4 Vectors) (TexCoords: 2, Custom: 0)
[2018.04.30-11.04.35:583][352]LogSlate: FSceneViewport::OnFocusLost() reason 0
[2018.04.30-11.04.35:725][369]LogSlate: Window 'Mat_2DExplosion' being destroyed
[2018.04.30-11.04.42:511][172]LogSlate: FSceneViewport::OnFocusLost() reason 0
[2018.04.30-11.04.43:636][307]LogTemp: Repeating last play command: Selected Viewport
[2018.04.30-11.04.43:642][307]LogBlueprintUserMessages: Early PlayInEditor Detection: Level '/Game/TwinStickCPP/Maps/TwinStickExampleMap.TwinStickExampleMap:PersistentLevel' has LevelScriptBlueprint '/Game/TwinStickCPP/Maps/TwinStickExampleMap.TwinStickExampleMap:PersistentLevel.TwinStickExampleMap' with GeneratedClass '/Game/TwinStickCPP/Maps/TwinStickExampleMap.TwinStickExampleMap_C' with ClassGeneratedBy '/Game/TwinStickCPP/Maps/TwinStickExampleMap.TwinStickExampleMap:PersistentLevel.TwinStickExampleMap'
[2018.04.30-11.04.43:642][307]BlueprintLog: New page: Pre-Play auto-recompile
[2018.04.30-11.04.43:645][307]LogPlayLevel: [PlayLevel] Compiling BP_2DExplosion before play...
[2018.04.30-11.04.43:749][307]LogPlayLevel: PlayLevel: Blueprint regeneration took 107 ms (1 blueprints)
[2018.04.30-11.04.43:750][307]PIE: New page: PIE session: TwinStickExampleMap (Apr 30, 2018, 3:04:43 PM)
[2018.04.30-11.04.43:750][307]LogPlayLevel: Creating play world package: /Game/TwinStickCPP/Maps/UEDPIE_0_TwinStickExampleMap
[2018.04.30-11.04.43:765][307]LogPlayLevel: PIE: StaticDuplicateObject took: (0.014348s)
[2018.04.30-11.04.43:766][307]LogAIModule: Creating AISystem for world TwinStickExampleMap
[2018.04.30-11.04.43:767][307]LogPlayLevel: PIE: World Init took: (0.001473s)
[2018.04.30-11.04.43:767][307]LogPlayLevel: PIE: Created PIE world by copying editor world from /Game/TwinStickCPP/Maps/TwinStickExampleMap.TwinStickExampleMap to /Game/TwinStickCPP/Maps/UEDPIE_0_TwinStickExampleMap.TwinStickExampleMap (0.016171s)
[2018.04.30-11.04.43:779][307]LogInit: XAudio2 using 'Altavoces (2- Realtek High Definition Audio)' : 2 channels at 48 kHz using 32 bits per sample (channel mask 0x3)
[2018.04.30-11.04.43:781][307]LogInit: FAudioDevice initialized.
[2018.04.30-11.04.43:819][307]LogLoad: Game class is 'CEDVFightersGameMode'
[2018.04.30-11.04.43:820][307]LogWorld: Bringing World /Game/TwinStickCPP/Maps/UEDPIE_0_TwinStickExampleMap.TwinStickExampleMap up for play (max tick rate 0) at 2018.04.30-13.04.43
[2018.04.30-11.04.43:821][307]LogWorld: Bringing up level for play took: 0.000976
[2018.04.30-11.04.43:825][307]LogContentBrowser: Native class hierarchy updated for 'MovieSceneCapture' in 0.0005 seconds. Added 11 classes and 0 folders.
[2018.04.30-11.04.43:826][307]PIE: Play in editor start time for /Game/TwinStickCPP/Maps/UEDPIE_0_TwinStickExampleMap -0.571
[2018.04.30-11.04.43:826][307]LogBlueprintUserMessages: Late PlayInEditor Detection: Level '/Game/TwinStickCPP/Maps/TwinStickExampleMap.TwinStickExampleMap:PersistentLevel' has LevelScriptBlueprint '/Game/TwinStickCPP/Maps/TwinStickExampleMap.TwinStickExampleMap:PersistentLevel.TwinStickExampleMap' with GeneratedClass '/Game/TwinStickCPP/Maps/TwinStickExampleMap.TwinStickExampleMap_C' with ClassGeneratedBy '/Game/TwinStickCPP/Maps/TwinStickExampleMap.TwinStickExampleMap:PersistentLevel.TwinStickExampleMap'
[2018.04.30-11.04.48:782][898]LogBlueprintUserMessages: Early EndPlayMap Detection: Level '/Game/TwinStickCPP/Maps/TwinStickExampleMap.TwinStickExampleMap:PersistentLevel' has LevelScriptBlueprint '/Game/TwinStickCPP/Maps/TwinStickExampleMap.TwinStickExampleMap:PersistentLevel.TwinStickExampleMap' with GeneratedClass '/Game/TwinStickCPP/Maps/TwinStickExampleMap.TwinStickExampleMap_C' with ClassGeneratedBy '/Game/TwinStickCPP/Maps/TwinStickExampleMap.TwinStickExampleMap:PersistentLevel.TwinStickExampleMap'
[2018.04.30-11.04.48:809][898]LogBlueprintUserMessages: Late EndPlayMap Detection: Level '/Game/TwinStickCPP/Maps/TwinStickExampleMap.TwinStickExampleMap:PersistentLevel' has LevelScriptBlueprint '/Game/TwinStickCPP/Maps/TwinStickExampleMap.TwinStickExampleMap:PersistentLevel.TwinStickExampleMap' with GeneratedClass '/Game/TwinStickCPP/Maps/TwinStickExampleMap.TwinStickExampleMap_C' with ClassGeneratedBy '/Game/TwinStickCPP/Maps/TwinStickExampleMap.TwinStickExampleMap:PersistentLevel.TwinStickExampleMap'
[2018.04.30-11.04.51:259][191]LogEditorViewport: Clicking on Actor (context menu): BP_2DExplosion_C (BP_2DExplosion)
[2018.04.30-11.04.51:281][191]LogSlate: FSceneViewport::OnFocusLost() reason 2
[2018.04.30-11.04.53:693][479]LogEditorViewport: Clicking on Actor (LMB): BP_2DExplosion_C (BP_2DExplosion)
[2018.04.30-11.04.54:202][539]LogEditorViewport: Clicking on Actor (context menu): BP_2DExplosion_C (BP_2DExplosion)
[2018.04.30-11.04.54:216][539]LogSlate: FSceneViewport::OnFocusLost() reason 2
[2018.04.30-11.05.06:493][  8]LogEditorViewport: Clicking on Actor (LMB): StaticMeshActor (Floor)
[2018.04.30-11.05.07:216][ 91]LogEditorViewport: Clicking on Actor (LMB): BP_2DExplosion_C (BP_2DExplosion)
[2018.04.30-11.05.08:691][266]LogSlate: FSceneViewport::OnFocusLost() reason 0
[2018.04.30-11.05.18:057][383]LogEditorActor: Deleted Actor: BP_2DExplosion_C
[2018.04.30-11.05.18:064][383]LogEditorActor: Deleted 1 Actors (0.008 secs)
[2018.04.30-11.05.21:317][765]LogSavePackage: Save=52.56ms
[2018.04.30-11.05.21:317][765]LogSavePackage: Moving 'D:/CEDV/GIT/CEDVFighters/CEDVFighters/Saved/TwinStickExampleMap352EF498433C8FA0CFC574894BE7A8B9.tmp' to 'D:/CEDV/GIT/CEDVFighters/CEDVFighters/Content/TwinStickCPP/Maps/TwinStickExampleMap.umap'
[2018.04.30-11.05.21:320][765]LogSavePackage: Display: Finished SavePackage D:/CEDV/GIT/CEDVFighters/CEDVFighters/Content/TwinStickCPP/Maps/TwinStickExampleMap.umap
[2018.04.30-11.05.21:328][765]Cmd: OBJ SAVEPACKAGE PACKAGE="/Game/TwinStickCPP/Maps/TwinStickExampleMap_BuiltData" FILE="D:/CEDV/GIT/CEDVFighters/CEDVFighters/Content/TwinStickCPP/Maps/TwinStickExampleMap_BuiltData.uasset" SILENT=true
[2018.04.30-11.05.21:395][765]LogSavePackage: Save=63.41ms
[2018.04.30-11.05.21:395][765]LogSavePackage: Moving 'D:/CEDV/GIT/CEDVFighters/CEDVFighters/Saved/TwinStickExampleMap_BuiltDataE95277D04A1AF3BE5AB450B93F7CCD19.tmp' to 'D:/CEDV/GIT/CEDVFighters/CEDVFighters/Content/TwinStickCPP/Maps/TwinStickExampleMap_BuiltData.uasset'
[2018.04.30-11.05.21:397][765]LogSavePackage: Display: Finished SavePackage D:/CEDV/GIT/CEDVFighters/CEDVFighters/Content/TwinStickCPP/Maps/TwinStickExampleMap_BuiltData.uasset
[2018.04.30-11.05.32:265][ 61]LogSavePackage: Save=51.85ms
[2018.04.30-11.05.32:265][ 61]LogSavePackage: Moving 'D:/CEDV/GIT/CEDVFighters/CEDVFighters/Saved/TwinStickExampleMapED72DF7243178B3157BECAB29CAB6E27.tmp' to 'D:/CEDV/GIT/CEDVFighters/CEDVFighters/Content/TwinStickCPP/Maps/TwinStickExampleMap.umap'
[2018.04.30-11.05.32:267][ 61]LogSavePackage: Display: Finished SavePackage D:/CEDV/GIT/CEDVFighters/CEDVFighters/Content/TwinStickCPP/Maps/TwinStickExampleMap.umap
[2018.04.30-11.05.32:276][ 61]Cmd: OBJ SAVEPACKAGE PACKAGE="/Game/TwinStickCPP/Maps/TwinStickExampleMap_BuiltData" FILE="D:/CEDV/GIT/CEDVFighters/CEDVFighters/Content/TwinStickCPP/Maps/TwinStickExampleMap_BuiltData.uasset" SILENT=true
[2018.04.30-11.05.32:316][ 61]LogSavePackage: Save=39.36ms
[2018.04.30-11.05.32:316][ 61]LogSavePackage: Moving 'D:/CEDV/GIT/CEDVFighters/CEDVFighters/Saved/TwinStickExampleMap_BuiltDataC996D32448FD57173FDEBF851B9E14DA.tmp' to 'D:/CEDV/GIT/CEDVFighters/CEDVFighters/Content/TwinStickCPP/Maps/TwinStickExampleMap_BuiltData.uasset'
[2018.04.30-11.05.32:318][ 61]LogSavePackage: Display: Finished SavePackage D:/CEDV/GIT/CEDVFighters/CEDVFighters/Content/TwinStickCPP/Maps/TwinStickExampleMap_BuiltData.uasset
[2018.04.30-11.05.34:173][280]LogSlate: Window 'CEDVFighters - Unreal Editor' being destroyed
[2018.04.30-11.05.34:291][281]Cmd: QUIT_EDITOR
[2018.04.30-11.05.34:307][281]LogSlate: Slate User Destroyed.  User Index 0, Is Virtual User: 0
[2018.04.30-11.05.34:307][281]LogExit: Preparing to exit.
[2018.04.30-11.05.35:141][281]LogExit: Editor shut down
[2018.04.30-11.05.35:144][281]LogExit: Transaction tracking system shut down
[2018.04.30-11.05.35:290][281]LogDirectoryWatcher: A directory notification for '../../../Engine/Content/' was aborted.
[2018.04.30-11.05.35:290][281]LogDirectoryWatcher: A directory notification for 'D:/CEDV/GIT/CEDVFighters/CEDVFighters/Content/' was aborted.
[2018.04.30-11.05.35:290][281]LogDirectoryWatcher: A directory notification for '../../Plugins/2D/Paper2D/Content/' was aborted.
[2018.04.30-11.05.35:290][281]LogDirectoryWatcher: A directory notification for '../../Plugins/Enterprise/DatasmithContent/Content/' was aborted.
[2018.04.30-11.05.35:290][281]LogDirectoryWatcher: A directory notification for '../../Plugins/Media/MediaCompositing/Content/' was aborted.
[2018.04.30-11.05.35:290][281]LogDirectoryWatcher: A directory notification for '../../Plugins/Runtime/AppleARKit/Content/' was aborted.
[2018.04.30-11.05.35:290][281]LogDirectoryWatcher: A directory notification for '../../Plugins/Runtime/Oculus/OculusVR/Content/' was aborted.
[2018.04.30-11.05.35:290][281]LogDirectoryWatcher: A directory notification for '../../Plugins/Runtime/Steam/SteamVR/Content/' was aborted.
[2018.04.30-11.05.35:332][281]LogExit: Object subsystem successfully closed.
[2018.04.30-11.05.35:340][281]LogShaderCompilers: Display: Shaders left to compile 0
[2018.04.30-11.05.35:342][281]LogD3D11RHI: Shutdown
[2018.04.30-11.05.35:342][281]LogD3D11RHI: CleanupD3DDevice
[2018.04.30-11.05.35:343][281]LogD3D11RHI: ~FD3D11DynamicRHI
[2018.04.30-11.05.35:358][281]LogModuleManager: Shutting down and abandoning module MovieSceneCapture (580)
[2018.04.30-11.05.35:359][281]LogModuleManager: Shutting down and abandoning module HierarchicalLODOutliner (578)
[2018.04.30-11.05.35:359][281]LogModuleManager: Shutting down and abandoning module DesktopPlatform (576)
[2018.04.30-11.05.35:359][281]LogModuleManager: Shutting down and abandoning module AddContentDialog (574)
[2018.04.30-11.05.35:359][281]LogDirectoryWatcher: A directory notification for 'C:/Program Files/Epic Games/UE_4.19/FeaturePacks/' was aborted.
[2018.04.30-11.05.35:359][281]LogModuleManager: Shutting down and abandoning module WidgetCarousel (573)
[2018.04.30-11.05.35:359][281]LogModuleManager: Shutting down and abandoning module EditorWidgets (570)
[2018.04.30-11.05.35:359][281]LogModuleManager: Shutting down and abandoning module CollectionManager (568)
[2018.04.30-11.05.35:359][281]LogDirectoryWatcher: A directory notification for 'D:/CEDV/GIT/CEDVFighters/CEDVFighters/Content/Collections/' was aborted.
[2018.04.30-11.05.35:359][281]LogDirectoryWatcher: A directory notification for 'D:/CEDV/GIT/CEDVFighters/CEDVFighters/Content/Developers/Juan/Collections/' was aborted.
[2018.04.30-11.05.35:359][281]LogDirectoryWatcher: A directory notification for 'D:/CEDV/GIT/CEDVFighters/CEDVFighters/Saved/Collections/' was aborted.
[2018.04.30-11.05.35:359][281]LogModuleManager: Shutting down and abandoning module WorldBrowser (566)
[2018.04.30-11.05.35:359][281]LogModuleManager: Shutting down and abandoning module SceneOutliner (564)
[2018.04.30-11.05.35:359][281]LogModuleManager: Shutting down and abandoning module StatsViewer (562)
[2018.04.30-11.05.35:359][281]LogModuleManager: Shutting down and abandoning module FoliageEdit (560)
[2018.04.30-11.05.35:359][281]LogModuleManager: Shutting down and abandoning module LandscapeEditor (558)
[2018.04.30-11.05.35:359][281]LogModuleManager: Shutting down and abandoning module MeshPaintMode (556)
[2018.04.30-11.05.35:359][281]LogModuleManager: Shutting down and abandoning module SceneDepthPickerMode (554)
[2018.04.30-11.05.35:359][281]LogModuleManager: Shutting down and abandoning module ActorPickerMode (552)
[2018.04.30-11.05.35:359][281]LogModuleManager: Shutting down and abandoning module GeometryMode (550)
[2018.04.30-11.05.35:359][281]LogModuleManager: Shutting down and abandoning module TextureAlignMode (548)
[2018.04.30-11.05.35:359][281]LogModuleManager: Shutting down and abandoning module BspMode (546)
[2018.04.30-11.05.35:359][281]LogModuleManager: Shutting down and abandoning module PIEPreviewDeviceProfileSelector (544)
[2018.04.30-11.05.35:359][281]LogModuleManager: Shutting down and abandoning module HardwareSurvey (542)
[2018.04.30-11.05.35:359][281]LogModuleManager: Shutting down and abandoning module SequenceRecorderSections (540)
[2018.04.30-11.05.35:359][281]LogModuleManager: Shutting down and abandoning module AutomationWorker (538)
[2018.04.30-11.05.35:359][281]LogModuleManager: Shutting down and abandoning module AudioCaptureEditor (536)
[2018.04.30-11.05.35:359][281]LogModuleManager: Shutting down and abandoning module SequenceRecorder (535)
[2018.04.30-11.05.35:360][281]LogModuleManager: Shutting down and abandoning module MatineeToLevelSequence (532)
[2018.04.30-11.05.35:360][281]LogModuleManager: Shutting down and abandoning module LevelSequenceEditor (530)
[2018.04.30-11.05.35:360][281]LogModuleManager: Shutting down and abandoning module PlacementMode (529)
[2018.04.30-11.05.35:360][281]LogModuleManager: Shutting down and abandoning module MaterialEditor (528)
[2018.04.30-11.05.35:360][281]LogModuleManager: Shutting down and abandoning module WmfMediaFactory (524)
[2018.04.30-11.05.35:360][281]LogModuleManager: Shutting down and abandoning module WmfMediaEditor (522)
[2018.04.30-11.05.35:360][281]LogModuleManager: Shutting down and abandoning module MediaPlayerEditor (520)
[2018.04.30-11.05.35:360][281]LogModuleManager: Shutting down and abandoning module OpenExrWrapper (518)
[2018.04.30-11.05.35:360][281]LogModuleManager: Shutting down and abandoning module ImgMediaFactory (516)
[2018.04.30-11.05.35:360][281]LogModuleManager: Shutting down and abandoning module ImgMediaEditor (514)
[2018.04.30-11.05.35:360][281]LogModuleManager: Shutting down and abandoning module AvfMediaFactory (512)
[2018.04.30-11.05.35:360][281]LogModuleManager: Shutting down and abandoning module AvfMediaEditor (510)
[2018.04.30-11.05.35:360][281]LogModuleManager: Shutting down and abandoning module AndroidMediaFactory (508)
[2018.04.30-11.05.35:360][281]LogModuleManager: Shutting down and abandoning module AndroidMediaEditor (506)
[2018.04.30-11.05.35:360][281]LogModuleManager: Shutting down and abandoning module CharacterAI (504)
[2018.04.30-11.05.35:360][281]LogModuleManager: Shutting down and abandoning module SmartSnapping (502)
[2018.04.30-11.05.35:360][281]LogModuleManager: Shutting down and abandoning module SessionServices (500)
[2018.04.30-11.05.35:360][281]LogModuleManager: Shutting down and abandoning module ViewportSnapping (498)
[2018.04.30-11.05.35:360][281]LogModuleManager: Shutting down and abandoning module ViewportInteraction (496)
[2018.04.30-11.05.35:360][281]LogModuleManager: Shutting down and abandoning module ClothPainter (494)
[2018.04.30-11.05.35:360][281]LogModuleManager: Shutting down and abandoning module SkeletalMeshEditor (493)
[2018.04.30-11.05.35:360][281]LogModuleManager: Shutting down and abandoning module LogVisualizer (490)
[2018.04.30-11.05.35:360][281]LogModuleManager: Shutting down and abandoning module IntroTutorials (488)
[2018.04.30-11.05.35:360][281]LogModuleManager: Shutting down and abandoning module GameProjectGeneration (487)
[2018.04.30-11.05.35:360][281]LogModuleManager: Shutting down and abandoning module IOSPlatformEditor (484)
[2018.04.30-11.05.35:360][281]LogModuleManager: Shutting down and abandoning module HTML5PlatformEditor (482)
[2018.04.30-11.05.35:360][281]LogModuleManager: Shutting down and abandoning module AndroidPlatformEditor (480)
[2018.04.30-11.05.35:360][281]LogModuleManager: Shutting down and abandoning module AndroidDeviceDetection (479)
[2018.04.30-11.05.35:427][281]LogModuleManager: Shutting down and abandoning module WindowsPlatformEditor (476)
[2018.04.30-11.05.35:427][281]LogModuleManager: Shutting down and abandoning module IOSRuntimeSettings (474)
[2018.04.30-11.05.35:427][281]LogModuleManager: Shutting down and abandoning module AndroidRuntimeSettings (472)
[2018.04.30-11.05.35:427][281]LogModuleManager: Shutting down and abandoning module InputBindingEditor (470)
[2018.04.30-11.05.35:427][281]LogModuleManager: Shutting down and abandoning module MergeActors (468)
[2018.04.30-11.05.35:427][281]LogModuleManager: Shutting down and abandoning module LocalizationDashboard (466)
[2018.04.30-11.05.35:427][281]LogModuleManager: Shutting down and abandoning module LocalizationService (465)
[2018.04.30-11.05.35:427][281]LogModuleManager: Shutting down and abandoning module HardwareTargeting (462)
[2018.04.30-11.05.35:427][281]LogModuleManager: Shutting down and abandoning module DeviceProfileEditor (460)
[2018.04.30-11.05.35:427][281]LogModuleManager: Shutting down and abandoning module UndoHistory (458)
[2018.04.30-11.05.35:427][281]LogModuleManager: Shutting down and abandoning module XmlParser (456)
[2018.04.30-11.05.35:427][281]LogModuleManager: Shutting down and abandoning module Blutility (454)
[2018.04.30-11.05.35:427][281]LogModuleManager: Shutting down and abandoning module ProjectSettingsViewer (452)
[2018.04.30-11.05.35:427][281]LogModuleManager: Shutting down and abandoning module ProjectTargetPlatformEditor (451)
[2018.04.30-11.05.35:427][281]LogModuleManager: Shutting down and abandoning module EditorSettingsViewer (448)
[2018.04.30-11.05.35:427][281]LogModuleManager: Shutting down and abandoning module SettingsEditor (446)
[2018.04.30-11.05.35:427][281]LogModuleManager: Shutting down and abandoning module ProjectLauncher (444)
[2018.04.30-11.05.35:427][281]LogModuleManager: Shutting down and abandoning module SessionFrontend (442)
[2018.04.30-11.05.35:427][281]LogModuleManager: Shutting down and abandoning module ProfilerClient (440)
[2018.04.30-11.05.35:427][281]LogModuleManager: Shutting down and abandoning module DeviceManager (438)
[2018.04.30-11.05.35:427][281]LogModuleManager: Shutting down and abandoning module TargetDeviceServices (437)
[2018.04.30-11.05.35:477][281]LogModuleManager: Shutting down and abandoning module AutomationController (434)
[2018.04.30-11.05.35:477][281]LogModuleManager: Shutting down and abandoning module AutomationWindow (432)
[2018.04.30-11.05.35:477][281]LogModuleManager: Shutting down and abandoning module Layers (430)
[2018.04.30-11.05.35:477][281]LogModuleManager: Shutting down and abandoning module ComponentVisualizers (428)
[2018.04.30-11.05.35:477][281]LogModuleManager: Shutting down and abandoning module DetailCustomizations (426)
[2018.04.30-11.05.35:477][281]LogModuleManager: Shutting down and abandoning module PackagesDialog (424)
[2018.04.30-11.05.35:477][281]LogModuleManager: Shutting down and abandoning module Persona (422)
[2018.04.30-11.05.35:477][281]LogModuleManager: Shutting down and abandoning module AdvancedPreviewScene (421)
[2018.04.30-11.05.35:477][281]LogModuleManager: Shutting down and abandoning module AnimGraph (419)
[2018.04.30-11.05.35:477][281]LogModuleManager: Shutting down and abandoning module Kismet (416)
[2018.04.30-11.05.35:477][281]LogModuleManager: Shutting down and abandoning module GraphEditor (414)
[2018.04.30-11.05.35:477][281]LogModuleManager: Shutting down and abandoning module ClassViewer (412)
[2018.04.30-11.05.35:477][281]LogModuleManager: Shutting down and abandoning module Toolbox (410)
[2018.04.30-11.05.35:477][281]LogModuleManager: Shutting down and abandoning module ModuleUI (408)
[2018.04.30-11.05.35:477][281]LogModuleManager: Shutting down and abandoning module MovieSceneTools (406)
[2018.04.30-11.05.35:477][281]LogModuleManager: Shutting down and abandoning module OutputLog (404)
[2018.04.30-11.05.35:477][281]LogModuleManager: Shutting down and abandoning module GammaUI (402)
[2018.04.30-11.05.35:477][281]LogModuleManager: Shutting down and abandoning module Documentation (400)
[2018.04.30-11.05.35:477][281]LogModuleManager: Shutting down and abandoning module MovieSceneTracks (398)
[2018.04.30-11.05.35:477][281]LogModuleManager: Shutting down and abandoning module MovieScene (396)
[2018.04.30-11.05.35:477][281]LogModuleManager: Shutting down and abandoning module StreamingPauseRendering (394)
[2018.04.30-11.05.35:477][281]LogModuleManager: Shutting down and abandoning module LauncherPlatform (392)
[2018.04.30-11.05.35:477][281]LogModuleManager: Shutting down and abandoning module AnalyticsET (390)
[2018.04.30-11.05.35:477][281]LogModuleManager: Shutting down and abandoning module PortalServices (388)
[2018.04.30-11.05.35:477][281]LogModuleManager: Shutting down and abandoning module PortalRpc (386)
[2018.04.30-11.05.35:477][281]LogModuleManager: Shutting down and abandoning module MessagingRpc (384)
[2018.04.30-11.05.35:477][281]LogModuleManager: Shutting down and abandoning module AIModule (382)
[2018.04.30-11.05.35:477][281]LogModuleManager: Shutting down and abandoning module GameplayDebugger (381)
[2018.04.30-11.05.35:477][281]LogModuleManager: Shutting down and abandoning module AITestSuite (379)
[2018.04.30-11.05.35:477][281]LogModuleManager: Shutting down and abandoning module ProfilerService (376)
[2018.04.30-11.05.35:666][281]LogModuleManager: Shutting down and abandoning module TaskGraph (374)
[2018.04.30-11.05.35:666][281]LogModuleManager: Shutting down and abandoning module SteamVRController (372)
[2018.04.30-11.05.35:666][281]LogModuleManager: Shutting down and abandoning module ProceduralMeshComponentEditor (370)
[2018.04.30-11.05.35:666][281]LogModuleManager: Shutting down and abandoning module ProceduralMeshComponent (368)
[2018.04.30-11.05.35:666][281]LogModuleManager: Shutting down and abandoning module OculusInput (366)
[2018.04.30-11.05.35:666][281]LogModuleManager: Shutting down and abandoning module MobilePatchingUtils (364)
[2018.04.30-11.05.35:666][281]LogModuleManager: Shutting down and abandoning module CustomMeshComponent (362)
[2018.04.30-11.05.35:666][281]LogModuleManager: Shutting down and abandoning module CableComponent (360)
[2018.04.30-11.05.35:666][281]LogModuleManager: Shutting down and abandoning module AudioCapture (358)
[2018.04.30-11.05.35:666][281]LogModuleManager: Shutting down and abandoning module ArchVisCharacter (356)
[2018.04.30-11.05.35:666][281]LogModuleManager: Shutting down and abandoning module AndroidPermission (354)
[2018.04.30-11.05.35:666][281]LogModuleManager: Shutting down and abandoning module NUTUnrealEngine4 (350)
[2018.04.30-11.05.35:666][281]LogModuleManager: Shutting down and abandoning module NetcodeUnitTest (348)
[2018.04.30-11.05.35:666][281]LogModuleManager: Shutting down and abandoning module MediaCompositingEditor (346)
[2018.04.30-11.05.35:666][281]LogModuleManager: Shutting down and abandoning module MediaCompositing (344)
[2018.04.30-11.05.35:666][281]LogModuleManager: Shutting down and abandoning module LinearTimecode (342)
[2018.04.30-11.05.35:666][281]LogModuleManager: Shutting down and abandoning module ImgMedia (340)
[2018.04.30-11.05.35:667][281]LogModuleManager: Shutting down and abandoning module HTML5Networking (338)
[2018.04.30-11.05.35:667][281]LogModuleManager: Shutting down and abandoning module AlembicImporter (336)
[2018.04.30-11.05.35:667][281]LogModuleManager: Shutting down and abandoning module AlembicLibrary (335)
[2018.04.30-11.05.35:667][281]LogModuleManager: Shutting down and abandoning module GeometryCache (334)
[2018.04.30-11.05.35:667][281]LogModuleManager: Shutting down and abandoning module GeometryCacheEd (333)
[2018.04.30-11.05.35:667][281]LogModuleManager: Shutting down and abandoning module DatasmithContent (328)
[2018.04.30-11.05.35:668][281]LogModuleManager: Shutting down and abandoning module SpeedTreeImporter (326)
[2018.04.30-11.05.35:668][281]LogModuleManager: Shutting down and abandoning module PluginBrowser (324)
[2018.04.30-11.05.35:668][281]LogModuleManager: Shutting down and abandoning module MobileLauncherProfileWizard (322)
[2018.04.30-11.05.35:668][281]LogModuleManager: Shutting down and abandoning module CryptoKeysOpenSSL (320)
[2018.04.30-11.05.35:668][281]LogModuleManager: Shutting down and abandoning module CryptoKeys (318)
[2018.04.30-11.05.35:668][281]LogModuleManager: Shutting down and abandoning module VisualStudioSourceCodeAccess (316)
[2018.04.30-11.05.35:668][281]LogModuleManager: Shutting down and abandoning module VisualStudioCodeSourceCodeAccess (314)
[2018.04.30-11.05.35:668][281]LogModuleManager: Shutting down and abandoning module UObjectPlugin (312)
[2018.04.30-11.05.35:668][281]LogModuleManager: Shutting down and abandoning module SubversionSourceControl (310)
[2018.04.30-11.05.35:668][281]LogModuleManager: Shutting down and abandoning module PerforceSourceControl (308)
[2018.04.30-11.05.35:668][281]LogModuleManager: Shutting down and abandoning module GitSourceControl (306)
[2018.04.30-11.05.35:668][281]LogModuleManager: Shutting down and abandoning module SourceControl (305)
[2018.04.30-11.05.35:668][281]LogModuleManager: Shutting down and abandoning module CLionSourceCodeAccess (302)
[2018.04.30-11.05.35:668][281]LogModuleManager: Shutting down and abandoning module LightPropagationVolumeEditor (300)
[2018.04.30-11.05.35:668][281]LogModuleManager: Shutting down and abandoning module PaperTiledImporter (298)
[2018.04.30-11.05.35:668][281]LogModuleManager: Shutting down and abandoning module PaperSpriteSheetImporter (296)
[2018.04.30-11.05.35:668][281]LogModuleManager: Shutting down and abandoning module Paper2DEditor (294)
[2018.04.30-11.05.35:668][281]LogModuleManager: Shutting down and abandoning module MeshPaint (293)
[2018.04.30-11.05.35:668][281]LogModuleManager: Shutting down and abandoning module CEDVFighters (290)
[2018.04.30-11.05.35:668][281]LogModuleManager: Shutting down and abandoning module RuntimePhysXCooking (288)
[2018.04.30-11.05.35:668][281]LogModuleManager: Shutting down and abandoning module PhysXVehiclesEditor (286)
[2018.04.30-11.05.35:668][281]LogModuleManager: Shutting down and abandoning module PhysXVehicles (284)
[2018.04.30-11.05.35:668][281]LogModuleManager: Shutting down and abandoning module OculusEditor (282)
[2018.04.30-11.05.35:668][281]LogModuleManager: Shutting down and abandoning module LocationServicesBPLibrary (280)
[2018.04.30-11.05.35:668][281]LogModuleManager: Shutting down and abandoning module ImmediatePhysicsEditor (278)
[2018.04.30-11.05.35:668][281]LogModuleManager: Shutting down and abandoning module ImmediatePhysics (276)
[2018.04.30-11.05.35:668][281]LogModuleManager: Shutting down and abandoning module ActorSequence (274)
[2018.04.30-11.05.35:668][281]LogModuleManager: Shutting down and abandoning module UdpMessaging (272)
[2018.04.30-11.05.35:768][281]LogModuleManager: Shutting down and abandoning module TcpMessaging (270)
[2018.04.30-11.05.36:097][281]LogModuleManager: Shutting down and abandoning module GameplayTagsEditor (268)
[2018.04.30-11.05.36:097][281]LogModuleManager: Shutting down and abandoning module FacialAnimationEditor (266)
[2018.04.30-11.05.36:097][281]LogModuleManager: Shutting down and abandoning module FacialAnimation (264)
[2018.04.30-11.05.36:097][281]LogModuleManager: Shutting down and abandoning module DataValidation (262)
[2018.04.30-11.05.36:097][281]LogModuleManager: Shutting down and abandoning module AssetManagerEditor (260)
[2018.04.30-11.05.36:097][281]LogModuleManager: Shutting down and abandoning module LevelEditor (259)
[2018.04.30-11.05.36:098][281]LogModuleManager: Shutting down and abandoning module PixelInspectorModule (258)
[2018.04.30-11.05.36:098][281]LogModuleManager: Shutting down and abandoning module CommonMenuExtensions (256)
[2018.04.30-11.05.36:098][281]LogModuleManager: Shutting down and abandoning module MainFrame (254)
[2018.04.30-11.05.36:098][281]LogModuleManager: Shutting down and abandoning module HotReload (253)
[2018.04.30-11.05.36:098][281]LogDirectoryWatcher: A directory notification for 'D:/CEDV/GIT/CEDVFighters/CEDVFighters/Binaries/Win64' was aborted.
[2018.04.30-11.05.36:098][281]LogModuleManager: Shutting down and abandoning module ContentBrowser (249)
[2018.04.30-11.05.36:099][281]LogModuleManager: Shutting down and abandoning module TreeMap (247)
[2018.04.30-11.05.36:099][281]LogModuleManager: Shutting down and abandoning module LightPropagationVolumeRuntime (244)
[2018.04.30-11.05.36:099][281]LogModuleManager: Shutting down and abandoning module LiveLinkEditor (242)
[2018.04.30-11.05.36:099][281]LogModuleManager: Shutting down and abandoning module LiveLink (240)
[2018.04.30-11.05.36:893][281]LogModuleManager: Shutting down and abandoning module Paper2D (238)
[2018.04.30-11.05.36:893][281]LogModuleManager: Shutting down and abandoning module WindowsMoviePlayer (236)
[2018.04.30-11.05.36:893][281]LogModuleManager: Shutting down and abandoning module WmfMedia (234)
[2018.04.30-11.05.36:893][281]LogModuleManager: Shutting down and abandoning module Media (233)
[2018.04.30-11.05.36:898][281]LogModuleManager: Shutting down and abandoning module PacketHandler (230)
[2018.04.30-11.05.36:898][281]LogModuleManager: Shutting down and abandoning module ClothingSystemEditor (228)
[2018.04.30-11.05.36:898][281]LogModuleManager: Shutting down and abandoning module ClothingSystemRuntime (226)
[2018.04.30-11.05.36:898][281]LogModuleManager: Shutting down and abandoning module MediaAssets (224)
[2018.04.30-11.05.36:898][281]LogModuleManager: Shutting down and abandoning module Overlay (222)
[2018.04.30-11.05.36:898][281]LogModuleManager: Shutting down and abandoning module OverlayEditor (221)
[2018.04.30-11.05.36:898][281]LogModuleManager: Shutting down and abandoning module VREditor (218)
[2018.04.30-11.05.36:898][281]LogModuleManager: Shutting down and abandoning module StringTableEditor (216)
[2018.04.30-11.05.36:898][281]LogModuleManager: Shutting down and abandoning module GameplayTasksEditor (214)
[2018.04.30-11.05.36:898][281]LogModuleManager: Shutting down and abandoning module BehaviorTreeEditor (212)
[2018.04.30-11.05.36:898][281]LogModuleManager: Shutting down and abandoning module FunctionalTesting (210)
[2018.04.30-11.05.36:898][281]LogModuleManager: Shutting down and abandoning module CollisionAnalyzer (208)
[2018.04.30-11.05.36:898][281]LogModuleManager: Shutting down and abandoning module WorkspaceMenuStructure (207)
[2018.04.30-11.05.36:898][281]LogModuleManager: Shutting down and abandoning module UMG (204)
[2018.04.30-11.05.36:898][281]LogModuleManager: Shutting down and abandoning module UMGEditor (203)
[2018.04.30-11.05.36:898][281]LogModuleManager: Shutting down and abandoning module Sequencer (202)
[2018.04.30-11.05.36:898][281]LogModuleManager: Shutting down and abandoning module MessageLog (199)
[2018.04.30-11.05.36:898][281]LogModuleManager: Shutting down and abandoning module SlateReflector (194)
[2018.04.30-11.05.36:898][281]LogModuleManager: Shutting down and abandoning module Slate (192)
[2018.04.30-11.05.36:898][281]LogModuleManager: Shutting down and abandoning module EditorStyle (190)
[2018.04.30-11.05.36:899][281]LogModuleManager: Shutting down and abandoning module MRMesh (188)
[2018.04.30-11.05.36:899][281]LogModuleManager: Shutting down and abandoning module SourceCodeAccess (186)
[2018.04.30-11.05.36:899][281]LogModuleManager: Shutting down and abandoning module HeadMountedDisplay (184)
[2018.04.30-11.05.36:899][281]LogModuleManager: Shutting down and abandoning module XAudio2 (182)
[2018.04.30-11.05.36:899][281]LogModuleManager: Shutting down and abandoning module Networking (180)
[2018.04.30-11.05.36:899][281]LogModuleManager: Shutting down and abandoning module Core (178)
[2018.04.30-11.05.36:899][281]LogModuleManager: Shutting down and abandoning module LevelSequence (176)
[2018.04.30-11.05.36:899][281]LogModuleManager: Shutting down and abandoning module KismetCompiler (174)
[2018.04.30-11.05.36:899][281]LogModuleManager: Shutting down and abandoning module MeshUtilities (172)
[2018.04.30-11.05.36:899][281]LogModuleManager: Shutting down and abandoning module MeshMergeUtilities (171)
[2018.04.30-11.05.36:899][281]LogModuleManager: Shutting down and abandoning module MeshReductionInterface (170)
[2018.04.30-11.05.36:899][281]LogModuleManager: Shutting down and abandoning module SimplygonSwarm (169)
[2018.04.30-11.05.36:899][281]LogModuleManager: Shutting down and abandoning module SimplygonMeshReduction (167)
[2018.04.30-11.05.36:899][281]LogModuleManager: Shutting down and abandoning module QuadricMeshReduction (165)
[2018.04.30-11.05.36:899][281]LogModuleManager: Shutting down and abandoning module MaterialBaking (161)
[2018.04.30-11.05.36:899][281]LogModuleManager: Shutting down and abandoning module DirectoryWatcher (157)
[2018.04.30-11.05.36:899][281]LogModuleManager: Shutting down and abandoning module DerivedDataCache (154)
[2018.04.30-11.05.36:940][281]LogDerivedDataCache: Shutdown
[2018.04.30-11.05.36:940][281]LogModuleManager: Shutting down and abandoning module XGEController (152)
[2018.04.30-11.05.36:940][281]LogModuleManager: Shutting down and abandoning module TargetPlatform (150)
[2018.04.30-11.05.36:940][281]LogModuleManager: Shutting down and abandoning module VulkanShaderFormat (149)
[2018.04.30-11.05.36:940][281]LogModuleManager: Shutting down and abandoning module ShaderFormatVectorVM (147)
[2018.04.30-11.05.36:940][281]LogModuleManager: Shutting down and abandoning module ShaderFormatOpenGL (145)
[2018.04.30-11.05.36:940][281]LogModuleManager: Shutting down and abandoning module ShaderFormatD3D (143)
[2018.04.30-11.05.36:940][281]LogModuleManager: Shutting down and abandoning module MetalShaderFormat (141)
[2018.04.30-11.05.36:940][281]LogModuleManager: Shutting down and abandoning module TextureFormatUncompressed (139)
[2018.04.30-11.05.36:940][281]LogModuleManager: Shutting down and abandoning module TextureFormatPVR (137)
[2018.04.30-11.05.36:940][281]LogModuleManager: Shutting down and abandoning module TextureFormatDXT (135)
[2018.04.30-11.05.36:940][281]LogModuleManager: Shutting down and abandoning module TextureFormatIntelISPCTexComp (133)
[2018.04.30-11.05.36:940][281]LogModuleManager: Shutting down and abandoning module TextureFormatASTC (131)
[2018.04.30-11.05.36:940][281]LogModuleManager: Shutting down and abandoning module ImageWrapper (130)
[2018.04.30-11.05.36:940][281]LogModuleManager: Shutting down and abandoning module TextureFormatAndroid (127)
[2018.04.30-11.05.36:940][281]LogModuleManager: Shutting down and abandoning module AudioFormatOpus (125)
[2018.04.30-11.05.36:940][281]LogModuleManager: Shutting down and abandoning module AudioFormatOgg (123)
[2018.04.30-11.05.36:940][281]LogModuleManager: Shutting down and abandoning module AudioFormatADPCM (121)
[2018.04.30-11.05.36:940][281]LogModuleManager: Shutting down and abandoning module LinuxTargetPlatform (119)
[2018.04.30-11.05.36:940][281]LogModuleManager: Shutting down and abandoning module LinuxServerTargetPlatform (117)
[2018.04.30-11.05.36:940][281]LogModuleManager: Shutting down and abandoning module LinuxNoEditorTargetPlatform (115)
[2018.04.30-11.05.36:940][281]LogModuleManager: Shutting down and abandoning module LinuxClientTargetPlatform (113)
[2018.04.30-11.05.36:940][281]LogModuleManager: Shutting down and abandoning module TVOSTargetPlatform (111)
[2018.04.30-11.05.36:940][281]LogModuleManager: Shutting down and abandoning module Messaging (109)
[2018.04.30-11.05.36:940][281]LogModuleManager: Shutting down and abandoning module IOSTargetPlatform (107)
[2018.04.30-11.05.36:940][281]LogModuleManager: Shutting down and abandoning module HTML5TargetPlatform (105)
[2018.04.30-11.05.36:940][281]LogModuleManager: Shutting down and abandoning module AndroidTargetPlatform (103)
[2018.04.30-11.05.36:940][281]LogModuleManager: Shutting down and abandoning module Android_PVRTCTargetPlatform (101)
[2018.04.30-11.05.36:940][281]LogModuleManager: Shutting down and abandoning module Android_MultiTargetPlatform (99)
[2018.04.30-11.05.36:940][281]LogModuleManager: Shutting down and abandoning module Android_ETC2TargetPlatform (97)
[2018.04.30-11.05.36:940][281]LogModuleManager: Shutting down and abandoning module Android_ETC1TargetPlatform (95)
[2018.04.30-11.05.36:940][281]LogModuleManager: Shutting down and abandoning module Android_ETC1aTargetPlatform (93)
[2018.04.30-11.05.36:940][281]LogModuleManager: Shutting down and abandoning module Android_DXTTargetPlatform (91)
[2018.04.30-11.05.36:940][281]LogModuleManager: Shutting down and abandoning module Android_ATCTargetPlatform (89)
[2018.04.30-11.05.36:940][281]LogModuleManager: Shutting down and abandoning module Android_ASTCTargetPlatform (87)
[2018.04.30-11.05.36:940][281]LogModuleManager: Shutting down and abandoning module WindowsTargetPlatform (85)
[2018.04.30-11.05.36:940][281]LogModuleManager: Shutting down and abandoning module WindowsServerTargetPlatform (83)
[2018.04.30-11.05.36:940][281]LogModuleManager: Shutting down and abandoning module WindowsNoEditorTargetPlatform (81)
[2018.04.30-11.05.36:940][281]LogModuleManager: Shutting down and abandoning module WindowsClientTargetPlatform (79)
[2018.04.30-11.05.36:940][281]LogModuleManager: Shutting down and abandoning module MacTargetPlatform (77)
[2018.04.30-11.05.36:940][281]LogModuleManager: Shutting down and abandoning module MacServerTargetPlatform (75)
[2018.04.30-11.05.36:940][281]LogModuleManager: Shutting down and abandoning module MacNoEditorTargetPlatform (73)
[2018.04.30-11.05.36:940][281]LogModuleManager: Shutting down and abandoning module MacClientTargetPlatform (71)
[2018.04.30-11.05.36:940][281]LogModuleManager: Shutting down and abandoning module AllDesktopTargetPlatform (69)
[2018.04.30-11.05.36:940][281]LogModuleManager: Shutting down and abandoning module InputCore (66)
[2018.04.30-11.05.36:940][281]LogModuleManager: Shutting down and abandoning module Settings (64)
[2018.04.30-11.05.36:940][281]LogModuleManager: Shutting down and abandoning module PhysXCooking (62)
[2018.04.30-11.05.36:940][281]LogModuleManager: Shutting down and abandoning module SteamVR (60)
[2018.04.30-11.05.36:940][281]LogModuleManager: Shutting down and abandoning module OculusHMD (58)
[2018.04.30-11.05.36:940][281]LogModuleManager: Shutting down and abandoning module ExampleDeviceProfileSelector (56)
[2018.04.30-11.05.36:941][281]LogModuleManager: Shutting down and abandoning module AppleARKit (54)
[2018.04.30-11.05.36:941][281]LogModuleManager: Shutting down and abandoning module AugmentedReality (51)
[2018.04.30-11.05.36:941][281]LogModuleManager: Shutting down and abandoning module OnlineBlueprintSupport (48)
[2018.04.30-11.05.36:941][281]LogModuleManager: Shutting down and abandoning module OnlineSubsystem (44)
[2018.04.30-11.05.36:941][281]LogModuleManager: Shutting down and abandoning module XMPP (43)
[2018.04.30-11.05.36:941][281]LogModuleManager: Shutting down and abandoning module HTTP (41)
[2018.04.30-11.05.36:941][281]LogHttp: Display: Http module shutting down, but needs to wait on 1 outstanding Http requests:
[2018.04.30-11.05.36:941][281]LogHttp: Display: 	verb=[POST] url=[https://datarouter.ol.epicgames.com/datarouter/api/v1/public/data?SessionID=%7B3DCC596B-4074-195B-AD5C-16A127442E88%7D&AppID=UEEditor.Rocket.Release&AppVersion=4.19.1-3989454%2B%2B%2BUE4%2BRelease-4.19&UserID=52b5a646486133a52323f5996f77fc48%7C843bdfc835bf49b4be43c884fbbf2f59%7C65347cc7-3055-43a7-a5aa-3f017135251b&AppEnvironment=datacollector-binary&UploadType=eteventstream] status=Processing
[2018.04.30-11.05.36:962][281]LogModuleManager: Shutting down and abandoning module SSL (40)
[2018.04.30-11.05.36:962][281]LogModuleManager: Shutting down and abandoning module AnimationModifiers (36)
[2018.04.30-11.05.36:962][281]LogModuleManager: Shutting down and abandoning module PropertyEditor (35)
[2018.04.30-11.05.36:962][281]LogModuleManager: Shutting down and abandoning module AudioEditor (32)
[2018.04.30-11.05.36:962][281]LogModuleManager: Shutting down and abandoning module TextureCompressor (30)
[2018.04.30-11.05.36:963][281]LogModuleManager: Shutting down and abandoning module ShaderCore (28)
[2018.04.30-11.05.36:963][281]LogModuleManager: Shutting down and abandoning module Landscape (26)
[2018.04.30-11.05.36:963][281]LogModuleManager: Shutting down and abandoning module SlateRHIRenderer (24)
[2018.04.30-11.05.36:963][281]LogModuleManager: Shutting down and abandoning module OpenGLDrv (22)
[2018.04.30-11.05.36:963][281]LogModuleManager: Shutting down and abandoning module D3D11RHI (20)
[2018.04.30-11.05.36:963][281]LogModuleManager: Shutting down and abandoning module AnimGraphRuntime (18)
[2018.04.30-11.05.36:963][281]LogModuleManager: Shutting down and abandoning module Renderer (16)
[2018.04.30-11.05.36:963][281]LogModuleManager: Shutting down and abandoning module Engine (14)
[2018.04.30-11.05.36:963][281]LogModuleManager: Shutting down and abandoning module CoreUObject (12)
[2018.04.30-11.05.36:963][281]LogModuleManager: Shutting down and abandoning module NetworkFile (10)
[2018.04.30-11.05.36:963][281]LogModuleManager: Shutting down and abandoning module CookedIterativeFile (8)
[2018.04.30-11.05.36:963][281]LogModuleManager: Shutting down and abandoning module StreamingFile (6)
[2018.04.30-11.05.36:963][281]LogModuleManager: Shutting down and abandoning module SandboxFile (4)
[2018.04.30-11.05.36:963][281]LogModuleManager: Shutting down and abandoning module PakFile (2)
[2018.04.30-11.05.36:965][281]LogExit: Exiting.
[2018.04.30-11.05.36:970][281]Log file closed, 04/30/18 13:05:36
